[0.214s] Invoking command in '/home/com-27x/gsf_workspace/HTROS2_ws/src/Hands-On-Training-in-ROS2/build/mecanum_description': CMAKE_PREFIX_PATH=${CMAKE_PREFIX_PATH}:/home/com-27x/gsf_workspace/HTROS2_ws/install/mecanum_slam:/home/com-27x/gsf_workspace/HTROS2_ws/install/mecanum_gazebo:/home/com-27x/gsf_workspace/HTROS2_ws/install/class4_tf:/home/com-27x/ros_workspace/ros2_practice_ws/install/turtle_tf2_py:/home/com-27x/mauethesis_ws/IsaacSim-ros_workspaces/foxy_ws/install/isaac_ros_navigation_goal:/home/com-27x/tankros2_ws/install/turtlebot3_teleop:/home/com-27x/tankros2_ws/install/turtlebot3_example:/home/com-27x/tankros2_ws/install/tanky_slam:/home/com-27x/tankros2_ws/install/tanky_navigation:/home/com-27x/tankros2_ws/install/tanky_bringup:/home/com-27x/tankros2_ws/install/tank_robot:/home/com-27x/tankros2_ws/install/tank_odom:/opt/ros/foxy /usr/bin/cmake --build /home/com-27x/gsf_workspace/HTROS2_ws/src/Hands-On-Training-in-ROS2/build/mecanum_description -- -j12 -l12
[0.584s] Invoked command in '/home/com-27x/gsf_workspace/HTROS2_ws/src/Hands-On-Training-in-ROS2/build/mecanum_description' returned '0': CMAKE_PREFIX_PATH=${CMAKE_PREFIX_PATH}:/home/com-27x/gsf_workspace/HTROS2_ws/install/mecanum_slam:/home/com-27x/gsf_workspace/HTROS2_ws/install/mecanum_gazebo:/home/com-27x/gsf_workspace/HTROS2_ws/install/class4_tf:/home/com-27x/ros_workspace/ros2_practice_ws/install/turtle_tf2_py:/home/com-27x/mauethesis_ws/IsaacSim-ros_workspaces/foxy_ws/install/isaac_ros_navigation_goal:/home/com-27x/tankros2_ws/install/turtlebot3_teleop:/home/com-27x/tankros2_ws/install/turtlebot3_example:/home/com-27x/tankros2_ws/install/tanky_slam:/home/com-27x/tankros2_ws/install/tanky_navigation:/home/com-27x/tankros2_ws/install/tanky_bringup:/home/com-27x/tankros2_ws/install/tank_robot:/home/com-27x/tankros2_ws/install/tank_odom:/opt/ros/foxy /usr/bin/cmake --build /home/com-27x/gsf_workspace/HTROS2_ws/src/Hands-On-Training-in-ROS2/build/mecanum_description -- -j12 -l12
[0.596s] Invoking command in '/home/com-27x/gsf_workspace/HTROS2_ws/src/Hands-On-Training-in-ROS2/build/mecanum_description': CMAKE_PREFIX_PATH=${CMAKE_PREFIX_PATH}:/home/com-27x/gsf_workspace/HTROS2_ws/install/mecanum_slam:/home/com-27x/gsf_workspace/HTROS2_ws/install/mecanum_gazebo:/home/com-27x/gsf_workspace/HTROS2_ws/install/class4_tf:/home/com-27x/ros_workspace/ros2_practice_ws/install/turtle_tf2_py:/home/com-27x/mauethesis_ws/IsaacSim-ros_workspaces/foxy_ws/install/isaac_ros_navigation_goal:/home/com-27x/tankros2_ws/install/turtlebot3_teleop:/home/com-27x/tankros2_ws/install/turtlebot3_example:/home/com-27x/tankros2_ws/install/tanky_slam:/home/com-27x/tankros2_ws/install/tanky_navigation:/home/com-27x/tankros2_ws/install/tanky_bringup:/home/com-27x/tankros2_ws/install/tank_robot:/home/com-27x/tankros2_ws/install/tank_odom:/opt/ros/foxy /usr/bin/cmake --install /home/com-27x/gsf_workspace/HTROS2_ws/src/Hands-On-Training-in-ROS2/build/mecanum_description
[0.598s] -- Install configuration: ""
[0.598s] -- Execute custom install script
[0.599s] -- Up-to-date symlink: /home/com-27x/gsf_workspace/HTROS2_ws/src/Hands-On-Training-in-ROS2/install/mecanum_description/share/mecanum_description/launch/mecanum_description.launch.py
[0.599s] -- Up-to-date symlink: /home/com-27x/gsf_workspace/HTROS2_ws/src/Hands-On-Training-in-ROS2/install/mecanum_description/share/mecanum_description/launch/simple_robot.launch.py
[0.599s] -- Up-to-date symlink: /home/com-27x/gsf_workspace/HTROS2_ws/src/Hands-On-Training-in-ROS2/install/mecanum_description/share/mecanum_description/urdf/base_robot.urdf.xacro
[0.599s] -- Up-to-date symlink: /home/com-27x/gsf_workspace/HTROS2_ws/src/Hands-On-Training-in-ROS2/install/mecanum_description/share/mecanum_description/urdf/basic_mobile_robot.urdf.xacro
[0.599s] -- Up-to-date symlink: /home/com-27x/gsf_workspace/HTROS2_ws/src/Hands-On-Training-in-ROS2/install/mecanum_description/share/mecanum_description/urdf/generic_laser.urdf.xacro
[0.599s] -- Up-to-date symlink: /home/com-27x/gsf_workspace/HTROS2_ws/src/Hands-On-Training-in-ROS2/install/mecanum_description/share/mecanum_description/urdf/laser.urdf.xacro
[0.599s] -- Up-to-date symlink: /home/com-27x/gsf_workspace/HTROS2_ws/src/Hands-On-Training-in-ROS2/install/mecanum_description/share/mecanum_description/urdf/mecanum_drive.urdf.xacro
[0.599s] -- Up-to-date symlink: /home/com-27x/gsf_workspace/HTROS2_ws/src/Hands-On-Training-in-ROS2/install/mecanum_description/share/mecanum_description/urdf/mecanum_properties.urdf.xacro
[0.599s] -- Up-to-date symlink: /home/com-27x/gsf_workspace/HTROS2_ws/src/Hands-On-Training-in-ROS2/install/mecanum_description/share/mecanum_description/urdf/mecanum_robot.urdf.xacro
[0.599s] -- Up-to-date symlink: /home/com-27x/gsf_workspace/HTROS2_ws/src/Hands-On-Training-in-ROS2/install/mecanum_description/share/mecanum_description/urdf/mecanum_wheel.urdf.xacro
[0.599s] -- Up-to-date symlink: /home/com-27x/gsf_workspace/HTROS2_ws/src/Hands-On-Training-in-ROS2/install/mecanum_description/share/mecanum_description/rviz/description.rviz
[0.599s] -- Up-to-date symlink: /home/com-27x/gsf_workspace/HTROS2_ws/src/Hands-On-Training-in-ROS2/install/mecanum_description/share/mecanum_description/rviz/mecanum_description.rviz
[0.599s] -- Up-to-date symlink: /home/com-27x/gsf_workspace/HTROS2_ws/src/Hands-On-Training-in-ROS2/install/mecanum_description/share/mecanum_description/rviz/mobile_robot_config.rviz
[0.600s] -- Up-to-date symlink: /home/com-27x/gsf_workspace/HTROS2_ws/src/Hands-On-Training-in-ROS2/install/mecanum_description/share/mecanum_description/meshes/arm_base.stl
[0.600s] -- Up-to-date symlink: /home/com-27x/gsf_workspace/HTROS2_ws/src/Hands-On-Training-in-ROS2/install/mecanum_description/share/mecanum_description/meshes/bicep.stl
[0.600s] -- Up-to-date symlink: /home/com-27x/gsf_workspace/HTROS2_ws/src/Hands-On-Training-in-ROS2/install/mecanum_description/share/mecanum_description/meshes/elbow.stl
[0.600s] -- Up-to-date symlink: /home/com-27x/gsf_workspace/HTROS2_ws/src/Hands-On-Training-in-ROS2/install/mecanum_description/share/mecanum_description/meshes/robot_base.stl
[0.600s] -- Up-to-date symlink: /home/com-27x/gsf_workspace/HTROS2_ws/src/Hands-On-Training-in-ROS2/install/mecanum_description/share/mecanum_description/meshes/wheel.stl
[0.600s] -- Up-to-date symlink: /home/com-27x/gsf_workspace/HTROS2_ws/src/Hands-On-Training-in-ROS2/install/mecanum_description/share/mecanum_description/meshes/wrist.stl
[0.600s] -- Up-to-date symlink: /home/com-27x/gsf_workspace/HTROS2_ws/src/Hands-On-Training-in-ROS2/install/mecanum_description/share/ament_index/resource_index/package_run_dependencies/mecanum_description
[0.600s] -- Up-to-date symlink: /home/com-27x/gsf_workspace/HTROS2_ws/src/Hands-On-Training-in-ROS2/install/mecanum_description/share/ament_index/resource_index/parent_prefix_path/mecanum_description
[0.600s] -- Up-to-date symlink: /home/com-27x/gsf_workspace/HTROS2_ws/src/Hands-On-Training-in-ROS2/install/mecanum_description/share/mecanum_description/environment/ament_prefix_path.sh
[0.600s] -- Up-to-date symlink: /home/com-27x/gsf_workspace/HTROS2_ws/src/Hands-On-Training-in-ROS2/install/mecanum_description/share/mecanum_description/environment/ament_prefix_path.dsv
[0.600s] -- Up-to-date symlink: /home/com-27x/gsf_workspace/HTROS2_ws/src/Hands-On-Training-in-ROS2/install/mecanum_description/share/mecanum_description/environment/path.sh
[0.600s] -- Up-to-date symlink: /home/com-27x/gsf_workspace/HTROS2_ws/src/Hands-On-Training-in-ROS2/install/mecanum_description/share/mecanum_description/environment/path.dsv
[0.601s] -- Up-to-date symlink: /home/com-27x/gsf_workspace/HTROS2_ws/src/Hands-On-Training-in-ROS2/install/mecanum_description/share/mecanum_description/local_setup.bash
[0.601s] -- Up-to-date symlink: /home/com-27x/gsf_workspace/HTROS2_ws/src/Hands-On-Training-in-ROS2/install/mecanum_description/share/mecanum_description/local_setup.sh
[0.601s] -- Up-to-date symlink: /home/com-27x/gsf_workspace/HTROS2_ws/src/Hands-On-Training-in-ROS2/install/mecanum_description/share/mecanum_description/local_setup.zsh
[0.601s] -- Up-to-date symlink: /home/com-27x/gsf_workspace/HTROS2_ws/src/Hands-On-Training-in-ROS2/install/mecanum_description/share/mecanum_description/local_setup.dsv
[0.601s] -- Symlinking: /home/com-27x/gsf_workspace/HTROS2_ws/src/Hands-On-Training-in-ROS2/install/mecanum_description/share/mecanum_description/package.dsv
[0.603s] -- Up-to-date symlink: /home/com-27x/gsf_workspace/HTROS2_ws/src/Hands-On-Training-in-ROS2/install/mecanum_description/share/ament_index/resource_index/packages/mecanum_description
[0.603s] -- Up-to-date symlink: /home/com-27x/gsf_workspace/HTROS2_ws/src/Hands-On-Training-in-ROS2/install/mecanum_description/share/mecanum_description/cmake/mecanum_descriptionConfig.cmake
[0.603s] -- Up-to-date symlink: /home/com-27x/gsf_workspace/HTROS2_ws/src/Hands-On-Training-in-ROS2/install/mecanum_description/share/mecanum_description/cmake/mecanum_descriptionConfig-version.cmake
[0.603s] -- Up-to-date symlink: /home/com-27x/gsf_workspace/HTROS2_ws/src/Hands-On-Training-in-ROS2/install/mecanum_description/share/mecanum_description/package.xml
[0.604s] Invoked command in '/home/com-27x/gsf_workspace/HTROS2_ws/src/Hands-On-Training-in-ROS2/build/mecanum_description' returned '0': CMAKE_PREFIX_PATH=${CMAKE_PREFIX_PATH}:/home/com-27x/gsf_workspace/HTROS2_ws/install/mecanum_slam:/home/com-27x/gsf_workspace/HTROS2_ws/install/mecanum_gazebo:/home/com-27x/gsf_workspace/HTROS2_ws/install/class4_tf:/home/com-27x/ros_workspace/ros2_practice_ws/install/turtle_tf2_py:/home/com-27x/mauethesis_ws/IsaacSim-ros_workspaces/foxy_ws/install/isaac_ros_navigation_goal:/home/com-27x/tankros2_ws/install/turtlebot3_teleop:/home/com-27x/tankros2_ws/install/turtlebot3_example:/home/com-27x/tankros2_ws/install/tanky_slam:/home/com-27x/tankros2_ws/install/tanky_navigation:/home/com-27x/tankros2_ws/install/tanky_bringup:/home/com-27x/tankros2_ws/install/tank_robot:/home/com-27x/tankros2_ws/install/tank_odom:/opt/ros/foxy /usr/bin/cmake --install /home/com-27x/gsf_workspace/HTROS2_ws/src/Hands-On-Training-in-ROS2/build/mecanum_description
