running develop
running egg_info
writing class4_tf.egg-info/PKG-INFO
writing dependency_links to class4_tf.egg-info/dependency_links.txt
writing entry points to class4_tf.egg-info/entry_points.txt
writing requirements to class4_tf.egg-info/requires.txt
writing top-level names to class4_tf.egg-info/top_level.txt
reading manifest file 'class4_tf.egg-info/SOURCES.txt'
writing manifest file 'class4_tf.egg-info/SOURCES.txt'
running build_ext
Creating /home/com-27x/gsf_workspace/HTROS2_ws/src/Hands-On-Training-in-ROS2/install/class4_tf/lib/python3.8/site-packages/class4-tf.egg-link (link to .)
Installing ans_assignment5 script to /home/com-27x/gsf_workspace/HTROS2_ws/src/Hands-On-Training-in-ROS2/install/class4_tf/lib/class4_tf
Installing assignment1 script to /home/com-27x/gsf_workspace/HTROS2_ws/src/Hands-On-Training-in-ROS2/install/class4_tf/lib/class4_tf
Installing assignment3_broadcast script to /home/com-27x/gsf_workspace/HTROS2_ws/src/Hands-On-Training-in-ROS2/install/class4_tf/lib/class4_tf
Installing assignment3_listen script to /home/com-27x/gsf_workspace/HTROS2_ws/src/Hands-On-Training-in-ROS2/install/class4_tf/lib/class4_tf
Installing broadcast_fix script to /home/com-27x/gsf_workspace/HTROS2_ws/src/Hands-On-Training-in-ROS2/install/class4_tf/lib/class4_tf
Installing broadcaster script to /home/com-27x/gsf_workspace/HTROS2_ws/src/Hands-On-Training-in-ROS2/install/class4_tf/lib/class4_tf
Installing listener script to /home/com-27x/gsf_workspace/HTROS2_ws/src/Hands-On-Training-in-ROS2/install/class4_tf/lib/class4_tf

Installed /home/com-27x/gsf_workspace/HTROS2_ws/src/Hands-On-Training-in-ROS2/build/class4_tf
running install_data
