[0.213s] Invoking command in '/home/com-27x/gsf_workspace/HTROS2_ws/src/Hands-On-Training-in-ROS2/build/mecanum_description': CMAKE_PREFIX_PATH=${CMAKE_PREFIX_PATH}:/home/com-27x/gsf_workspace/HTROS2_ws/install/mecanum_slam:/home/com-27x/gsf_workspace/HTROS2_ws/install/mecanum_gazebo:/home/com-27x/gsf_workspace/HTROS2_ws/install/class4_tf:/home/com-27x/ros_workspace/ros2_practice_ws/install/turtle_tf2_py:/home/com-27x/mauethesis_ws/IsaacSim-ros_workspaces/foxy_ws/install/isaac_ros_navigation_goal:/home/com-27x/tankros2_ws/install/turtlebot3_teleop:/home/com-27x/tankros2_ws/install/turtlebot3_example:/home/com-27x/tankros2_ws/install/tanky_slam:/home/com-27x/tankros2_ws/install/tanky_navigation:/home/com-27x/tankros2_ws/install/tanky_bringup:/home/com-27x/tankros2_ws/install/tank_robot:/home/com-27x/tankros2_ws/install/tank_odom:/opt/ros/foxy /usr/bin/cmake /home/com-27x/gsf_workspace/HTROS2_ws/src/Hands-On-Training-in-ROS2/mecanum_description -DAMENT_CMAKE_SYMLINK_INSTALL=1 -DCMAKE_INSTALL_PREFIX=/home/com-27x/gsf_workspace/HTROS2_ws/src/Hands-On-Training-in-ROS2/install/mecanum_description
[0.396s] -- The C compiler identification is GNU 9.4.0
[0.397s] -- The CXX compiler identification is GNU 9.4.0
[0.397s] -- Detecting C compiler ABI info
[0.427s] -- Detecting C compiler ABI info - done
[0.433s] -- Check for working C compiler: /usr/bin/cc - skipped
[0.433s] -- Detecting C compile features
[0.433s] -- Detecting C compile features - done
[0.436s] -- Detecting CXX compiler ABI info
[0.476s] -- Detecting CXX compiler ABI info - done
[0.481s] -- Check for working CXX compiler: /usr/bin/c++ - skipped
[0.481s] -- Detecting CXX compile features
[0.482s] -- Detecting CXX compile features - done
[0.484s] -- Found ament_cmake: 0.9.12 (/opt/ros/foxy/share/ament_cmake/cmake)
[0.512s] -- Found PythonInterp: /usr/bin/python3 (found suitable version "3.8.10", minimum required is "3") 
[0.512s] -- Using PYTHON_EXECUTABLE: /usr/bin/python3
[0.658s] -- Override CMake install command with custom implementation using symlinks instead of copying resources
[0.690s] -- Found urdf: 2.4.0 (/opt/ros/foxy/share/urdf/cmake)
[0.718s] -- Found ament_lint_auto: 0.9.8 (/opt/ros/foxy/share/ament_lint_auto/cmake)
[0.766s] -- Configuring done
[0.769s] -- Generating done
[0.770s] -- Build files have been written to: /home/com-27x/gsf_workspace/HTROS2_ws/src/Hands-On-Training-in-ROS2/build/mecanum_description
[0.775s] Invoked command in '/home/com-27x/gsf_workspace/HTROS2_ws/src/Hands-On-Training-in-ROS2/build/mecanum_description' returned '0': CMAKE_PREFIX_PATH=${CMAKE_PREFIX_PATH}:/home/com-27x/gsf_workspace/HTROS2_ws/install/mecanum_slam:/home/com-27x/gsf_workspace/HTROS2_ws/install/mecanum_gazebo:/home/com-27x/gsf_workspace/HTROS2_ws/install/class4_tf:/home/com-27x/ros_workspace/ros2_practice_ws/install/turtle_tf2_py:/home/com-27x/mauethesis_ws/IsaacSim-ros_workspaces/foxy_ws/install/isaac_ros_navigation_goal:/home/com-27x/tankros2_ws/install/turtlebot3_teleop:/home/com-27x/tankros2_ws/install/turtlebot3_example:/home/com-27x/tankros2_ws/install/tanky_slam:/home/com-27x/tankros2_ws/install/tanky_navigation:/home/com-27x/tankros2_ws/install/tanky_bringup:/home/com-27x/tankros2_ws/install/tank_robot:/home/com-27x/tankros2_ws/install/tank_odom:/opt/ros/foxy /usr/bin/cmake /home/com-27x/gsf_workspace/HTROS2_ws/src/Hands-On-Training-in-ROS2/mecanum_description -DAMENT_CMAKE_SYMLINK_INSTALL=1 -DCMAKE_INSTALL_PREFIX=/home/com-27x/gsf_workspace/HTROS2_ws/src/Hands-On-Training-in-ROS2/install/mecanum_description
[0.778s] Invoking command in '/home/com-27x/gsf_workspace/HTROS2_ws/src/Hands-On-Training-in-ROS2/build/mecanum_description': CMAKE_PREFIX_PATH=${CMAKE_PREFIX_PATH}:/home/com-27x/gsf_workspace/HTROS2_ws/install/mecanum_slam:/home/com-27x/gsf_workspace/HTROS2_ws/install/mecanum_gazebo:/home/com-27x/gsf_workspace/HTROS2_ws/install/class4_tf:/home/com-27x/ros_workspace/ros2_practice_ws/install/turtle_tf2_py:/home/com-27x/mauethesis_ws/IsaacSim-ros_workspaces/foxy_ws/install/isaac_ros_navigation_goal:/home/com-27x/tankros2_ws/install/turtlebot3_teleop:/home/com-27x/tankros2_ws/install/turtlebot3_example:/home/com-27x/tankros2_ws/install/tanky_slam:/home/com-27x/tankros2_ws/install/tanky_navigation:/home/com-27x/tankros2_ws/install/tanky_bringup:/home/com-27x/tankros2_ws/install/tank_robot:/home/com-27x/tankros2_ws/install/tank_odom:/opt/ros/foxy /usr/bin/cmake --build /home/com-27x/gsf_workspace/HTROS2_ws/src/Hands-On-Training-in-ROS2/build/mecanum_description -- -j12 -l12
[0.787s] Invoked command in '/home/com-27x/gsf_workspace/HTROS2_ws/src/Hands-On-Training-in-ROS2/build/mecanum_description' returned '0': CMAKE_PREFIX_PATH=${CMAKE_PREFIX_PATH}:/home/com-27x/gsf_workspace/HTROS2_ws/install/mecanum_slam:/home/com-27x/gsf_workspace/HTROS2_ws/install/mecanum_gazebo:/home/com-27x/gsf_workspace/HTROS2_ws/install/class4_tf:/home/com-27x/ros_workspace/ros2_practice_ws/install/turtle_tf2_py:/home/com-27x/mauethesis_ws/IsaacSim-ros_workspaces/foxy_ws/install/isaac_ros_navigation_goal:/home/com-27x/tankros2_ws/install/turtlebot3_teleop:/home/com-27x/tankros2_ws/install/turtlebot3_example:/home/com-27x/tankros2_ws/install/tanky_slam:/home/com-27x/tankros2_ws/install/tanky_navigation:/home/com-27x/tankros2_ws/install/tanky_bringup:/home/com-27x/tankros2_ws/install/tank_robot:/home/com-27x/tankros2_ws/install/tank_odom:/opt/ros/foxy /usr/bin/cmake --build /home/com-27x/gsf_workspace/HTROS2_ws/src/Hands-On-Training-in-ROS2/build/mecanum_description -- -j12 -l12
[0.800s] Invoking command in '/home/com-27x/gsf_workspace/HTROS2_ws/src/Hands-On-Training-in-ROS2/build/mecanum_description': CMAKE_PREFIX_PATH=${CMAKE_PREFIX_PATH}:/home/com-27x/gsf_workspace/HTROS2_ws/install/mecanum_slam:/home/com-27x/gsf_workspace/HTROS2_ws/install/mecanum_gazebo:/home/com-27x/gsf_workspace/HTROS2_ws/install/class4_tf:/home/com-27x/ros_workspace/ros2_practice_ws/install/turtle_tf2_py:/home/com-27x/mauethesis_ws/IsaacSim-ros_workspaces/foxy_ws/install/isaac_ros_navigation_goal:/home/com-27x/tankros2_ws/install/turtlebot3_teleop:/home/com-27x/tankros2_ws/install/turtlebot3_example:/home/com-27x/tankros2_ws/install/tanky_slam:/home/com-27x/tankros2_ws/install/tanky_navigation:/home/com-27x/tankros2_ws/install/tanky_bringup:/home/com-27x/tankros2_ws/install/tank_robot:/home/com-27x/tankros2_ws/install/tank_odom:/opt/ros/foxy /usr/bin/cmake --install /home/com-27x/gsf_workspace/HTROS2_ws/src/Hands-On-Training-in-ROS2/build/mecanum_description
[0.801s] -- Install configuration: ""
[0.801s] -- Execute custom install script
[0.802s] -- Symlinking: /home/com-27x/gsf_workspace/HTROS2_ws/src/Hands-On-Training-in-ROS2/install/mecanum_description/share/mecanum_description/launch/mecanum_description.launch.py
[0.804s] -- Symlinking: /home/com-27x/gsf_workspace/HTROS2_ws/src/Hands-On-Training-in-ROS2/install/mecanum_description/share/mecanum_description/launch/simple_robot.launch.py
[0.806s] -- Symlinking: /home/com-27x/gsf_workspace/HTROS2_ws/src/Hands-On-Training-in-ROS2/install/mecanum_description/share/mecanum_description/urdf/base_robot.urdf.xacro
[0.807s] -- Symlinking: /home/com-27x/gsf_workspace/HTROS2_ws/src/Hands-On-Training-in-ROS2/install/mecanum_description/share/mecanum_description/urdf/basic_mobile_robot.urdf.xacro
[0.809s] -- Symlinking: /home/com-27x/gsf_workspace/HTROS2_ws/src/Hands-On-Training-in-ROS2/install/mecanum_description/share/mecanum_description/urdf/generic_laser.urdf.xacro
[0.811s] -- Symlinking: /home/com-27x/gsf_workspace/HTROS2_ws/src/Hands-On-Training-in-ROS2/install/mecanum_description/share/mecanum_description/urdf/laser.urdf.xacro
[0.813s] -- Symlinking: /home/com-27x/gsf_workspace/HTROS2_ws/src/Hands-On-Training-in-ROS2/install/mecanum_description/share/mecanum_description/urdf/mecanum_drive.urdf.xacro
[0.814s] -- Symlinking: /home/com-27x/gsf_workspace/HTROS2_ws/src/Hands-On-Training-in-ROS2/install/mecanum_description/share/mecanum_description/urdf/mecanum_properties.urdf.xacro
[0.816s] -- Symlinking: /home/com-27x/gsf_workspace/HTROS2_ws/src/Hands-On-Training-in-ROS2/install/mecanum_description/share/mecanum_description/urdf/mecanum_robot.urdf.xacro
[0.818s] -- Symlinking: /home/com-27x/gsf_workspace/HTROS2_ws/src/Hands-On-Training-in-ROS2/install/mecanum_description/share/mecanum_description/urdf/mecanum_wheel.urdf.xacro
[0.820s] -- Symlinking: /home/com-27x/gsf_workspace/HTROS2_ws/src/Hands-On-Training-in-ROS2/install/mecanum_description/share/mecanum_description/rviz/description.rviz
[0.822s] -- Symlinking: /home/com-27x/gsf_workspace/HTROS2_ws/src/Hands-On-Training-in-ROS2/install/mecanum_description/share/mecanum_description/rviz/mecanum_description.rviz
[0.823s] -- Symlinking: /home/com-27x/gsf_workspace/HTROS2_ws/src/Hands-On-Training-in-ROS2/install/mecanum_description/share/mecanum_description/rviz/mobile_robot_config.rviz
[0.825s] -- Symlinking: /home/com-27x/gsf_workspace/HTROS2_ws/src/Hands-On-Training-in-ROS2/install/mecanum_description/share/mecanum_description/meshes/arm_base.stl
[0.827s] -- Symlinking: /home/com-27x/gsf_workspace/HTROS2_ws/src/Hands-On-Training-in-ROS2/install/mecanum_description/share/mecanum_description/meshes/bicep.stl
[0.828s] -- Symlinking: /home/com-27x/gsf_workspace/HTROS2_ws/src/Hands-On-Training-in-ROS2/install/mecanum_description/share/mecanum_description/meshes/elbow.stl
[0.829s] -- Symlinking: /home/com-27x/gsf_workspace/HTROS2_ws/src/Hands-On-Training-in-ROS2/install/mecanum_description/share/mecanum_description/meshes/robot_base.stl
[0.831s] -- Symlinking: /home/com-27x/gsf_workspace/HTROS2_ws/src/Hands-On-Training-in-ROS2/install/mecanum_description/share/mecanum_description/meshes/wheel.stl
[0.833s] -- Symlinking: /home/com-27x/gsf_workspace/HTROS2_ws/src/Hands-On-Training-in-ROS2/install/mecanum_description/share/mecanum_description/meshes/wrist.stl
[0.834s] -- Symlinking: /home/com-27x/gsf_workspace/HTROS2_ws/src/Hands-On-Training-in-ROS2/install/mecanum_description/share/ament_index/resource_index/package_run_dependencies/mecanum_description
[0.836s] -- Symlinking: /home/com-27x/gsf_workspace/HTROS2_ws/src/Hands-On-Training-in-ROS2/install/mecanum_description/share/ament_index/resource_index/parent_prefix_path/mecanum_description
[0.838s] -- Symlinking: /home/com-27x/gsf_workspace/HTROS2_ws/src/Hands-On-Training-in-ROS2/install/mecanum_description/share/mecanum_description/environment/ament_prefix_path.sh
[0.839s] -- Symlinking: /home/com-27x/gsf_workspace/HTROS2_ws/src/Hands-On-Training-in-ROS2/install/mecanum_description/share/mecanum_description/environment/ament_prefix_path.dsv
[0.841s] -- Symlinking: /home/com-27x/gsf_workspace/HTROS2_ws/src/Hands-On-Training-in-ROS2/install/mecanum_description/share/mecanum_description/environment/path.sh
[0.842s] -- Symlinking: /home/com-27x/gsf_workspace/HTROS2_ws/src/Hands-On-Training-in-ROS2/install/mecanum_description/share/mecanum_description/environment/path.dsv
[0.844s] -- Symlinking: /home/com-27x/gsf_workspace/HTROS2_ws/src/Hands-On-Training-in-ROS2/install/mecanum_description/share/mecanum_description/local_setup.bash
[0.846s] -- Symlinking: /home/com-27x/gsf_workspace/HTROS2_ws/src/Hands-On-Training-in-ROS2/install/mecanum_description/share/mecanum_description/local_setup.sh
[0.848s] -- Symlinking: /home/com-27x/gsf_workspace/HTROS2_ws/src/Hands-On-Training-in-ROS2/install/mecanum_description/share/mecanum_description/local_setup.zsh
[0.849s] -- Symlinking: /home/com-27x/gsf_workspace/HTROS2_ws/src/Hands-On-Training-in-ROS2/install/mecanum_description/share/mecanum_description/local_setup.dsv
[0.851s] -- Symlinking: /home/com-27x/gsf_workspace/HTROS2_ws/src/Hands-On-Training-in-ROS2/install/mecanum_description/share/mecanum_description/package.dsv
[0.853s] -- Symlinking: /home/com-27x/gsf_workspace/HTROS2_ws/src/Hands-On-Training-in-ROS2/install/mecanum_description/share/ament_index/resource_index/packages/mecanum_description
[0.855s] -- Symlinking: /home/com-27x/gsf_workspace/HTROS2_ws/src/Hands-On-Training-in-ROS2/install/mecanum_description/share/mecanum_description/cmake/mecanum_descriptionConfig.cmake
[0.857s] -- Symlinking: /home/com-27x/gsf_workspace/HTROS2_ws/src/Hands-On-Training-in-ROS2/install/mecanum_description/share/mecanum_description/cmake/mecanum_descriptionConfig-version.cmake
[0.859s] -- Symlinking: /home/com-27x/gsf_workspace/HTROS2_ws/src/Hands-On-Training-in-ROS2/install/mecanum_description/share/mecanum_description/package.xml
[0.862s] Invoked command in '/home/com-27x/gsf_workspace/HTROS2_ws/src/Hands-On-Training-in-ROS2/build/mecanum_description' returned '0': CMAKE_PREFIX_PATH=${CMAKE_PREFIX_PATH}:/home/com-27x/gsf_workspace/HTROS2_ws/install/mecanum_slam:/home/com-27x/gsf_workspace/HTROS2_ws/install/mecanum_gazebo:/home/com-27x/gsf_workspace/HTROS2_ws/install/class4_tf:/home/com-27x/ros_workspace/ros2_practice_ws/install/turtle_tf2_py:/home/com-27x/mauethesis_ws/IsaacSim-ros_workspaces/foxy_ws/install/isaac_ros_navigation_goal:/home/com-27x/tankros2_ws/install/turtlebot3_teleop:/home/com-27x/tankros2_ws/install/turtlebot3_example:/home/com-27x/tankros2_ws/install/tanky_slam:/home/com-27x/tankros2_ws/install/tanky_navigation:/home/com-27x/tankros2_ws/install/tanky_bringup:/home/com-27x/tankros2_ws/install/tank_robot:/home/com-27x/tankros2_ws/install/tank_odom:/opt/ros/foxy /usr/bin/cmake --install /home/com-27x/gsf_workspace/HTROS2_ws/src/Hands-On-Training-in-ROS2/build/mecanum_description
