[0.215s] DEBUG:colcon:Command line arguments: ['/usr/bin/colcon', 'build', '--symlink-install']
[0.215s] DEBUG:colcon:Parsed command line arguments: Namespace(allow_overriding=[], ament_cmake_args=None, base_paths=['.'], build_base='build', catkin_cmake_args=None, catkin_skip_building_tests=False, cmake_args=None, cmake_clean_cache=False, cmake_clean_first=False, cmake_force_configure=False, cmake_target=None, cmake_target_skip_unavailable=False, continue_on_error=False, event_handlers=None, executor='parallel', ignore_user_meta=False, install_base='install', log_base=None, log_level=None, main=<bound method BuildVerb.main of <colcon_core.verb.build.BuildVerb object at 0x7f290a41e310>>, merge_install=False, metas=['./colcon.meta'], packages_above=None, packages_above_and_dependencies=None, packages_above_depth=None, packages_end=None, packages_ignore=None, packages_ignore_regex=None, packages_select=None, packages_select_build_failed=False, packages_select_by_dep=None, packages_select_regex=None, packages_select_test_failures=False, packages_skip=None, packages_skip_build_finished=False, packages_skip_by_dep=None, packages_skip_regex=None, packages_skip_test_passed=False, packages_skip_up_to=None, packages_start=None, packages_up_to=None, packages_up_to_regex=None, parallel_workers=12, paths=None, symlink_install=True, test_result_base=None, verb_extension=<colcon_core.verb.build.BuildVerb object at 0x7f290a41e310>, verb_name='build', verb_parser=<colcon_defaults.argument_parser.defaults.DefaultArgumentsDecorator object at 0x7f290a41e850>)
[0.235s] Level 1:colcon.colcon_core.package_discovery:discover_packages(colcon_meta) check parameters
[0.235s] Level 1:colcon.colcon_core.package_discovery:discover_packages(recursive) check parameters
[0.235s] Level 1:colcon.colcon_core.package_discovery:discover_packages(ignore) check parameters
[0.235s] Level 1:colcon.colcon_core.package_discovery:discover_packages(path) check parameters
[0.235s] Level 1:colcon.colcon_core.package_discovery:discover_packages(colcon_meta) discover
[0.235s] Level 1:colcon.colcon_core.package_discovery:discover_packages(recursive) discover
[0.235s] INFO:colcon.colcon_core.package_discovery:Crawling recursively for packages in '/home/com-27x/gsf_workspace/HTROS2_ws/src/Hands-On-Training-in-ROS2'
[0.235s] Level 1:colcon.colcon_core.package_identification:_identify(.) by extensions ['ignore', 'ignore_ament_install']
[0.235s] Level 1:colcon.colcon_core.package_identification:_identify(.) by extension 'ignore'
[0.235s] Level 1:colcon.colcon_core.package_identification:_identify(.) by extension 'ignore_ament_install'
[0.235s] Level 1:colcon.colcon_core.package_identification:_identify(.) by extensions ['colcon_pkg']
[0.235s] Level 1:colcon.colcon_core.package_identification:_identify(.) by extension 'colcon_pkg'
[0.235s] Level 1:colcon.colcon_core.package_identification:_identify(.) by extensions ['colcon_meta']
[0.235s] Level 1:colcon.colcon_core.package_identification:_identify(.) by extension 'colcon_meta'
[0.236s] Level 1:colcon.colcon_core.package_identification:_identify(.) by extensions ['ros']
[0.236s] Level 1:colcon.colcon_core.package_identification:_identify(.) by extension 'ros'
[0.242s] Level 1:colcon.colcon_core.package_identification:_identify(.) by extensions ['cmake', 'python']
[0.242s] Level 1:colcon.colcon_core.package_identification:_identify(.) by extension 'cmake'
[0.242s] Level 1:colcon.colcon_core.package_identification:_identify(.) by extension 'python'
[0.242s] Level 1:colcon.colcon_core.package_identification:_identify(.) by extensions ['python_setup_py']
[0.242s] Level 1:colcon.colcon_core.package_identification:_identify(.) by extension 'python_setup_py'
[0.242s] Level 1:colcon.colcon_core.package_identification:_identify(build) by extensions ['ignore', 'ignore_ament_install']
[0.242s] Level 1:colcon.colcon_core.package_identification:_identify(build) by extension 'ignore'
[0.242s] Level 1:colcon.colcon_core.package_identification:_identify(build) ignored
[0.242s] Level 1:colcon.colcon_core.package_identification:_identify(class3) by extensions ['ignore', 'ignore_ament_install']
[0.242s] Level 1:colcon.colcon_core.package_identification:_identify(class3) by extension 'ignore'
[0.242s] Level 1:colcon.colcon_core.package_identification:_identify(class3) by extension 'ignore_ament_install'
[0.242s] Level 1:colcon.colcon_core.package_identification:_identify(class3) by extensions ['colcon_pkg']
[0.242s] Level 1:colcon.colcon_core.package_identification:_identify(class3) by extension 'colcon_pkg'
[0.242s] Level 1:colcon.colcon_core.package_identification:_identify(class3) by extensions ['colcon_meta']
[0.242s] Level 1:colcon.colcon_core.package_identification:_identify(class3) by extension 'colcon_meta'
[0.242s] Level 1:colcon.colcon_core.package_identification:_identify(class3) by extensions ['ros']
[0.242s] Level 1:colcon.colcon_core.package_identification:_identify(class3) by extension 'ros'
[0.242s] Level 1:colcon.colcon_core.package_identification:_identify(class3) by extensions ['cmake', 'python']
[0.242s] Level 1:colcon.colcon_core.package_identification:_identify(class3) by extension 'cmake'
[0.242s] Level 1:colcon.colcon_core.package_identification:_identify(class3) by extension 'python'
[0.242s] Level 1:colcon.colcon_core.package_identification:_identify(class3) by extensions ['python_setup_py']
[0.242s] Level 1:colcon.colcon_core.package_identification:_identify(class3) by extension 'python_setup_py'
[0.243s] Level 1:colcon.colcon_core.package_identification:_identify(class4) by extensions ['ignore', 'ignore_ament_install']
[0.243s] Level 1:colcon.colcon_core.package_identification:_identify(class4) by extension 'ignore'
[0.243s] Level 1:colcon.colcon_core.package_identification:_identify(class4) by extension 'ignore_ament_install'
[0.243s] Level 1:colcon.colcon_core.package_identification:_identify(class4) by extensions ['colcon_pkg']
[0.243s] Level 1:colcon.colcon_core.package_identification:_identify(class4) by extension 'colcon_pkg'
[0.243s] Level 1:colcon.colcon_core.package_identification:_identify(class4) by extensions ['colcon_meta']
[0.243s] Level 1:colcon.colcon_core.package_identification:_identify(class4) by extension 'colcon_meta'
[0.243s] Level 1:colcon.colcon_core.package_identification:_identify(class4) by extensions ['ros']
[0.243s] Level 1:colcon.colcon_core.package_identification:_identify(class4) by extension 'ros'
[0.243s] Level 1:colcon.colcon_core.package_identification:_identify(class4) by extensions ['cmake', 'python']
[0.243s] Level 1:colcon.colcon_core.package_identification:_identify(class4) by extension 'cmake'
[0.243s] Level 1:colcon.colcon_core.package_identification:_identify(class4) by extension 'python'
[0.243s] Level 1:colcon.colcon_core.package_identification:_identify(class4) by extensions ['python_setup_py']
[0.243s] Level 1:colcon.colcon_core.package_identification:_identify(class4) by extension 'python_setup_py'
[0.243s] Level 1:colcon.colcon_core.package_identification:_identify(class4/class4_tf) by extensions ['ignore', 'ignore_ament_install']
[0.243s] Level 1:colcon.colcon_core.package_identification:_identify(class4/class4_tf) by extension 'ignore'
[0.243s] Level 1:colcon.colcon_core.package_identification:_identify(class4/class4_tf) by extension 'ignore_ament_install'
[0.243s] Level 1:colcon.colcon_core.package_identification:_identify(class4/class4_tf) by extensions ['colcon_pkg']
[0.243s] Level 1:colcon.colcon_core.package_identification:_identify(class4/class4_tf) by extension 'colcon_pkg'
[0.243s] Level 1:colcon.colcon_core.package_identification:_identify(class4/class4_tf) by extensions ['colcon_meta']
[0.243s] Level 1:colcon.colcon_core.package_identification:_identify(class4/class4_tf) by extension 'colcon_meta'
[0.243s] Level 1:colcon.colcon_core.package_identification:_identify(class4/class4_tf) by extensions ['ros']
[0.243s] Level 1:colcon.colcon_core.package_identification:_identify(class4/class4_tf) by extension 'ros'
[0.245s] DEBUG:colcon.colcon_core.package_identification:Package 'class4/class4_tf' with type 'ros.ament_python' and name 'class4_tf'
[0.245s] Level 1:colcon.colcon_core.package_identification:_identify(install) by extensions ['ignore', 'ignore_ament_install']
[0.245s] Level 1:colcon.colcon_core.package_identification:_identify(install) by extension 'ignore'
[0.245s] Level 1:colcon.colcon_core.package_identification:_identify(install) ignored
[0.245s] Level 1:colcon.colcon_core.package_identification:_identify(log) by extensions ['ignore', 'ignore_ament_install']
[0.245s] Level 1:colcon.colcon_core.package_identification:_identify(log) by extension 'ignore'
[0.245s] Level 1:colcon.colcon_core.package_identification:_identify(log) ignored
[0.245s] Level 1:colcon.colcon_core.package_identification:_identify(mecanum_description) by extensions ['ignore', 'ignore_ament_install']
[0.245s] Level 1:colcon.colcon_core.package_identification:_identify(mecanum_description) by extension 'ignore'
[0.245s] Level 1:colcon.colcon_core.package_identification:_identify(mecanum_description) by extension 'ignore_ament_install'
[0.245s] Level 1:colcon.colcon_core.package_identification:_identify(mecanum_description) by extensions ['colcon_pkg']
[0.245s] Level 1:colcon.colcon_core.package_identification:_identify(mecanum_description) by extension 'colcon_pkg'
[0.245s] Level 1:colcon.colcon_core.package_identification:_identify(mecanum_description) by extensions ['colcon_meta']
[0.245s] Level 1:colcon.colcon_core.package_identification:_identify(mecanum_description) by extension 'colcon_meta'
[0.245s] Level 1:colcon.colcon_core.package_identification:_identify(mecanum_description) by extensions ['ros']
[0.245s] Level 1:colcon.colcon_core.package_identification:_identify(mecanum_description) by extension 'ros'
[0.246s] DEBUG:colcon.colcon_core.package_identification:Package 'mecanum_description' with type 'ros.ament_cmake' and name 'mecanum_description'
[0.246s] Level 1:colcon.colcon_core.package_identification:_identify(mecanum_gazebo) by extensions ['ignore', 'ignore_ament_install']
[0.246s] Level 1:colcon.colcon_core.package_identification:_identify(mecanum_gazebo) by extension 'ignore'
[0.246s] Level 1:colcon.colcon_core.package_identification:_identify(mecanum_gazebo) by extension 'ignore_ament_install'
[0.246s] Level 1:colcon.colcon_core.package_identification:_identify(mecanum_gazebo) by extensions ['colcon_pkg']
[0.246s] Level 1:colcon.colcon_core.package_identification:_identify(mecanum_gazebo) by extension 'colcon_pkg'
[0.246s] Level 1:colcon.colcon_core.package_identification:_identify(mecanum_gazebo) by extensions ['colcon_meta']
[0.246s] Level 1:colcon.colcon_core.package_identification:_identify(mecanum_gazebo) by extension 'colcon_meta'
[0.246s] Level 1:colcon.colcon_core.package_identification:_identify(mecanum_gazebo) by extensions ['ros']
[0.246s] Level 1:colcon.colcon_core.package_identification:_identify(mecanum_gazebo) by extension 'ros'
[0.246s] DEBUG:colcon.colcon_core.package_identification:Package 'mecanum_gazebo' with type 'ros.ament_python' and name 'mecanum_gazebo'
[0.246s] Level 1:colcon.colcon_core.package_identification:_identify(mecanum_slam) by extensions ['ignore', 'ignore_ament_install']
[0.246s] Level 1:colcon.colcon_core.package_identification:_identify(mecanum_slam) by extension 'ignore'
[0.246s] Level 1:colcon.colcon_core.package_identification:_identify(mecanum_slam) by extension 'ignore_ament_install'
[0.246s] Level 1:colcon.colcon_core.package_identification:_identify(mecanum_slam) by extensions ['colcon_pkg']
[0.246s] Level 1:colcon.colcon_core.package_identification:_identify(mecanum_slam) by extension 'colcon_pkg'
[0.246s] Level 1:colcon.colcon_core.package_identification:_identify(mecanum_slam) by extensions ['colcon_meta']
[0.246s] Level 1:colcon.colcon_core.package_identification:_identify(mecanum_slam) by extension 'colcon_meta'
[0.246s] Level 1:colcon.colcon_core.package_identification:_identify(mecanum_slam) by extensions ['ros']
[0.246s] Level 1:colcon.colcon_core.package_identification:_identify(mecanum_slam) by extension 'ros'
[0.247s] DEBUG:colcon.colcon_core.package_identification:Package 'mecanum_slam' with type 'ros.ament_python' and name 'mecanum_slam'
[0.247s] Level 1:colcon.colcon_core.package_discovery:discover_packages(recursive) using defaults
[0.247s] Level 1:colcon.colcon_core.package_discovery:discover_packages(ignore) discover
[0.247s] Level 1:colcon.colcon_core.package_discovery:discover_packages(ignore) using defaults
[0.247s] Level 1:colcon.colcon_core.package_discovery:discover_packages(path) discover
[0.247s] Level 1:colcon.colcon_core.package_discovery:discover_packages(path) using defaults
[0.262s] Level 1:colcon.colcon_core.package_discovery:discover_packages(prefix_path) check parameters
[0.262s] Level 1:colcon.colcon_core.package_discovery:discover_packages(prefix_path) discover
[0.264s] DEBUG:colcon.colcon_installed_package_information.package_discovery:Found 3 installed packages in /home/com-27x/ros_workspace/ros2_practice_ws/install
[0.265s] DEBUG:colcon.colcon_installed_package_information.package_discovery:Found 4 installed packages in /home/com-27x/gsf_workspace/HTROS2_ws/install
[0.265s] DEBUG:colcon.colcon_installed_package_information.package_discovery:Found 5 installed packages in /home/com-27x/mauethesis_ws/IsaacSim-ros_workspaces/foxy_ws/install
[0.266s] DEBUG:colcon.colcon_installed_package_information.package_discovery:Found 21 installed packages in /home/com-27x/tankros2_ws/install
[0.267s] DEBUG:colcon.colcon_installed_package_information.package_discovery:Found 326 installed packages in /opt/ros/foxy
[0.269s] Level 1:colcon.colcon_core.package_discovery:discover_packages(prefix_path) using defaults
[0.315s] Level 5:colcon.colcon_core.verb:set package 'class4_tf' build argument 'cmake_args' from command line to 'None'
[0.315s] Level 5:colcon.colcon_core.verb:set package 'class4_tf' build argument 'cmake_target' from command line to 'None'
[0.315s] Level 5:colcon.colcon_core.verb:set package 'class4_tf' build argument 'cmake_target_skip_unavailable' from command line to 'False'
[0.315s] Level 5:colcon.colcon_core.verb:set package 'class4_tf' build argument 'cmake_clean_cache' from command line to 'False'
[0.315s] Level 5:colcon.colcon_core.verb:set package 'class4_tf' build argument 'cmake_clean_first' from command line to 'False'
[0.315s] Level 5:colcon.colcon_core.verb:set package 'class4_tf' build argument 'cmake_force_configure' from command line to 'False'
[0.315s] Level 5:colcon.colcon_core.verb:set package 'class4_tf' build argument 'ament_cmake_args' from command line to 'None'
[0.315s] Level 5:colcon.colcon_core.verb:set package 'class4_tf' build argument 'catkin_cmake_args' from command line to 'None'
[0.315s] Level 5:colcon.colcon_core.verb:set package 'class4_tf' build argument 'catkin_skip_building_tests' from command line to 'False'
[0.315s] DEBUG:colcon.colcon_core.verb:Building package 'class4_tf' with the following arguments: {'ament_cmake_args': None, 'build_base': '/home/com-27x/gsf_workspace/HTROS2_ws/src/Hands-On-Training-in-ROS2/build/class4_tf', 'catkin_cmake_args': None, 'catkin_skip_building_tests': False, 'cmake_args': None, 'cmake_clean_cache': False, 'cmake_clean_first': False, 'cmake_force_configure': False, 'cmake_target': None, 'cmake_target_skip_unavailable': False, 'install_base': '/home/com-27x/gsf_workspace/HTROS2_ws/src/Hands-On-Training-in-ROS2/install/class4_tf', 'merge_install': False, 'path': '/home/com-27x/gsf_workspace/HTROS2_ws/src/Hands-On-Training-in-ROS2/class4/class4_tf', 'symlink_install': True, 'test_result_base': None}
[0.315s] Level 5:colcon.colcon_core.verb:set package 'mecanum_description' build argument 'cmake_args' from command line to 'None'
[0.315s] Level 5:colcon.colcon_core.verb:set package 'mecanum_description' build argument 'cmake_target' from command line to 'None'
[0.315s] Level 5:colcon.colcon_core.verb:set package 'mecanum_description' build argument 'cmake_target_skip_unavailable' from command line to 'False'
[0.315s] Level 5:colcon.colcon_core.verb:set package 'mecanum_description' build argument 'cmake_clean_cache' from command line to 'False'
[0.315s] Level 5:colcon.colcon_core.verb:set package 'mecanum_description' build argument 'cmake_clean_first' from command line to 'False'
[0.315s] Level 5:colcon.colcon_core.verb:set package 'mecanum_description' build argument 'cmake_force_configure' from command line to 'False'
[0.315s] Level 5:colcon.colcon_core.verb:set package 'mecanum_description' build argument 'ament_cmake_args' from command line to 'None'
[0.315s] Level 5:colcon.colcon_core.verb:set package 'mecanum_description' build argument 'catkin_cmake_args' from command line to 'None'
[0.316s] Level 5:colcon.colcon_core.verb:set package 'mecanum_description' build argument 'catkin_skip_building_tests' from command line to 'False'
[0.316s] DEBUG:colcon.colcon_core.verb:Building package 'mecanum_description' with the following arguments: {'ament_cmake_args': None, 'build_base': '/home/com-27x/gsf_workspace/HTROS2_ws/src/Hands-On-Training-in-ROS2/build/mecanum_description', 'catkin_cmake_args': None, 'catkin_skip_building_tests': False, 'cmake_args': None, 'cmake_clean_cache': False, 'cmake_clean_first': False, 'cmake_force_configure': False, 'cmake_target': None, 'cmake_target_skip_unavailable': False, 'install_base': '/home/com-27x/gsf_workspace/HTROS2_ws/src/Hands-On-Training-in-ROS2/install/mecanum_description', 'merge_install': False, 'path': '/home/com-27x/gsf_workspace/HTROS2_ws/src/Hands-On-Training-in-ROS2/mecanum_description', 'symlink_install': True, 'test_result_base': None}
[0.316s] Level 5:colcon.colcon_core.verb:set package 'mecanum_gazebo' build argument 'cmake_args' from command line to 'None'
[0.316s] Level 5:colcon.colcon_core.verb:set package 'mecanum_gazebo' build argument 'cmake_target' from command line to 'None'
[0.316s] Level 5:colcon.colcon_core.verb:set package 'mecanum_gazebo' build argument 'cmake_target_skip_unavailable' from command line to 'False'
[0.316s] Level 5:colcon.colcon_core.verb:set package 'mecanum_gazebo' build argument 'cmake_clean_cache' from command line to 'False'
[0.316s] Level 5:colcon.colcon_core.verb:set package 'mecanum_gazebo' build argument 'cmake_clean_first' from command line to 'False'
[0.316s] Level 5:colcon.colcon_core.verb:set package 'mecanum_gazebo' build argument 'cmake_force_configure' from command line to 'False'
[0.316s] Level 5:colcon.colcon_core.verb:set package 'mecanum_gazebo' build argument 'ament_cmake_args' from command line to 'None'
[0.316s] Level 5:colcon.colcon_core.verb:set package 'mecanum_gazebo' build argument 'catkin_cmake_args' from command line to 'None'
[0.316s] Level 5:colcon.colcon_core.verb:set package 'mecanum_gazebo' build argument 'catkin_skip_building_tests' from command line to 'False'
[0.316s] DEBUG:colcon.colcon_core.verb:Building package 'mecanum_gazebo' with the following arguments: {'ament_cmake_args': None, 'build_base': '/home/com-27x/gsf_workspace/HTROS2_ws/src/Hands-On-Training-in-ROS2/build/mecanum_gazebo', 'catkin_cmake_args': None, 'catkin_skip_building_tests': False, 'cmake_args': None, 'cmake_clean_cache': False, 'cmake_clean_first': False, 'cmake_force_configure': False, 'cmake_target': None, 'cmake_target_skip_unavailable': False, 'install_base': '/home/com-27x/gsf_workspace/HTROS2_ws/src/Hands-On-Training-in-ROS2/install/mecanum_gazebo', 'merge_install': False, 'path': '/home/com-27x/gsf_workspace/HTROS2_ws/src/Hands-On-Training-in-ROS2/mecanum_gazebo', 'symlink_install': True, 'test_result_base': None}
[0.317s] Level 5:colcon.colcon_core.verb:set package 'mecanum_slam' build argument 'cmake_args' from command line to 'None'
[0.317s] Level 5:colcon.colcon_core.verb:set package 'mecanum_slam' build argument 'cmake_target' from command line to 'None'
[0.317s] Level 5:colcon.colcon_core.verb:set package 'mecanum_slam' build argument 'cmake_target_skip_unavailable' from command line to 'False'
[0.317s] Level 5:colcon.colcon_core.verb:set package 'mecanum_slam' build argument 'cmake_clean_cache' from command line to 'False'
[0.317s] Level 5:colcon.colcon_core.verb:set package 'mecanum_slam' build argument 'cmake_clean_first' from command line to 'False'
[0.317s] Level 5:colcon.colcon_core.verb:set package 'mecanum_slam' build argument 'cmake_force_configure' from command line to 'False'
[0.317s] Level 5:colcon.colcon_core.verb:set package 'mecanum_slam' build argument 'ament_cmake_args' from command line to 'None'
[0.317s] Level 5:colcon.colcon_core.verb:set package 'mecanum_slam' build argument 'catkin_cmake_args' from command line to 'None'
[0.317s] Level 5:colcon.colcon_core.verb:set package 'mecanum_slam' build argument 'catkin_skip_building_tests' from command line to 'False'
[0.317s] DEBUG:colcon.colcon_core.verb:Building package 'mecanum_slam' with the following arguments: {'ament_cmake_args': None, 'build_base': '/home/com-27x/gsf_workspace/HTROS2_ws/src/Hands-On-Training-in-ROS2/build/mecanum_slam', 'catkin_cmake_args': None, 'catkin_skip_building_tests': False, 'cmake_args': None, 'cmake_clean_cache': False, 'cmake_clean_first': False, 'cmake_force_configure': False, 'cmake_target': None, 'cmake_target_skip_unavailable': False, 'install_base': '/home/com-27x/gsf_workspace/HTROS2_ws/src/Hands-On-Training-in-ROS2/install/mecanum_slam', 'merge_install': False, 'path': '/home/com-27x/gsf_workspace/HTROS2_ws/src/Hands-On-Training-in-ROS2/mecanum_slam', 'symlink_install': True, 'test_result_base': None}
[0.317s] INFO:colcon.colcon_core.executor:Executing jobs using 'parallel' executor
[0.320s] DEBUG:colcon.colcon_parallel_executor.executor.parallel:run_until_complete
[0.320s] INFO:colcon.colcon_ros.task.ament_python.build:Building ROS package in '/home/com-27x/gsf_workspace/HTROS2_ws/src/Hands-On-Training-in-ROS2/class4/class4_tf' with build type 'ament_python'
[0.320s] Level 1:colcon.colcon_core.shell:create_environment_hook('class4_tf', 'ament_prefix_path')
[0.323s] INFO:colcon.colcon_core.plugin_system:Skipping extension 'colcon_core.shell.bat': Not used on non-Windows systems
[0.323s] INFO:colcon.colcon_core.shell:Creating environment hook '/home/com-27x/gsf_workspace/HTROS2_ws/src/Hands-On-Training-in-ROS2/install/class4_tf/share/class4_tf/hook/ament_prefix_path.ps1'
[0.323s] INFO:colcon.colcon_core.shell:Creating environment descriptor '/home/com-27x/gsf_workspace/HTROS2_ws/src/Hands-On-Training-in-ROS2/install/class4_tf/share/class4_tf/hook/ament_prefix_path.dsv'
[0.323s] INFO:colcon.colcon_core.shell:Creating environment hook '/home/com-27x/gsf_workspace/HTROS2_ws/src/Hands-On-Training-in-ROS2/install/class4_tf/share/class4_tf/hook/ament_prefix_path.sh'
[0.324s] INFO:colcon.colcon_core.shell:Skip shell extension 'powershell' for command environment: Not usable outside of PowerShell
[0.324s] DEBUG:colcon.colcon_core.shell:Skip shell extension 'dsv' for command environment
[0.331s] INFO:colcon.colcon_ros.task.ament_cmake.build:Building ROS package in '/home/com-27x/gsf_workspace/HTROS2_ws/src/Hands-On-Training-in-ROS2/mecanum_description' with build type 'ament_cmake'
[0.331s] INFO:colcon.colcon_cmake.task.cmake.build:Building CMake package in '/home/com-27x/gsf_workspace/HTROS2_ws/src/Hands-On-Training-in-ROS2/mecanum_description'
[0.332s] INFO:colcon.colcon_core.shell:Skip shell extension 'powershell' for command environment: Not usable outside of PowerShell
[0.332s] DEBUG:colcon.colcon_core.shell:Skip shell extension 'dsv' for command environment
[0.340s] INFO:colcon.colcon_ros.task.ament_python.build:Building ROS package in '/home/com-27x/gsf_workspace/HTROS2_ws/src/Hands-On-Training-in-ROS2/mecanum_gazebo' with build type 'ament_python'
[0.340s] Level 1:colcon.colcon_core.shell:create_environment_hook('mecanum_gazebo', 'ament_prefix_path')
[0.341s] INFO:colcon.colcon_core.shell:Creating environment hook '/home/com-27x/gsf_workspace/HTROS2_ws/src/Hands-On-Training-in-ROS2/install/mecanum_gazebo/share/mecanum_gazebo/hook/ament_prefix_path.ps1'
[0.342s] INFO:colcon.colcon_core.shell:Creating environment descriptor '/home/com-27x/gsf_workspace/HTROS2_ws/src/Hands-On-Training-in-ROS2/install/mecanum_gazebo/share/mecanum_gazebo/hook/ament_prefix_path.dsv'
[0.342s] INFO:colcon.colcon_core.shell:Creating environment hook '/home/com-27x/gsf_workspace/HTROS2_ws/src/Hands-On-Training-in-ROS2/install/mecanum_gazebo/share/mecanum_gazebo/hook/ament_prefix_path.sh'
[0.344s] INFO:colcon.colcon_core.shell:Skip shell extension 'powershell' for command environment: Not usable outside of PowerShell
[0.344s] DEBUG:colcon.colcon_core.shell:Skip shell extension 'dsv' for command environment
[0.351s] INFO:colcon.colcon_ros.task.ament_python.build:Building ROS package in '/home/com-27x/gsf_workspace/HTROS2_ws/src/Hands-On-Training-in-ROS2/mecanum_slam' with build type 'ament_python'
[0.351s] Level 1:colcon.colcon_core.shell:create_environment_hook('mecanum_slam', 'ament_prefix_path')
[0.352s] INFO:colcon.colcon_core.shell:Creating environment hook '/home/com-27x/gsf_workspace/HTROS2_ws/src/Hands-On-Training-in-ROS2/install/mecanum_slam/share/mecanum_slam/hook/ament_prefix_path.ps1'
[0.352s] INFO:colcon.colcon_core.shell:Creating environment descriptor '/home/com-27x/gsf_workspace/HTROS2_ws/src/Hands-On-Training-in-ROS2/install/mecanum_slam/share/mecanum_slam/hook/ament_prefix_path.dsv'
[0.352s] INFO:colcon.colcon_core.shell:Creating environment hook '/home/com-27x/gsf_workspace/HTROS2_ws/src/Hands-On-Training-in-ROS2/install/mecanum_slam/share/mecanum_slam/hook/ament_prefix_path.sh'
[0.353s] INFO:colcon.colcon_core.shell:Skip shell extension 'powershell' for command environment: Not usable outside of PowerShell
[0.353s] DEBUG:colcon.colcon_core.shell:Skip shell extension 'dsv' for command environment
[0.543s] INFO:colcon.colcon_core.task.python.build:Building Python package in '/home/com-27x/gsf_workspace/HTROS2_ws/src/Hands-On-Training-in-ROS2/class4/class4_tf'
[0.544s] INFO:colcon.colcon_core.shell:Skip shell extension 'powershell' for command environment: Not usable outside of PowerShell
[0.544s] DEBUG:colcon.colcon_core.shell:Skip shell extension 'dsv' for command environment
[0.554s] DEBUG:colcon.colcon_core.event_handler.log_command:Invoking command in '/home/com-27x/gsf_workspace/HTROS2_ws/src/Hands-On-Training-in-ROS2/build/mecanum_description': CMAKE_PREFIX_PATH=${CMAKE_PREFIX_PATH}:/home/com-27x/gsf_workspace/HTROS2_ws/install/mecanum_slam:/home/com-27x/gsf_workspace/HTROS2_ws/install/mecanum_gazebo:/home/com-27x/gsf_workspace/HTROS2_ws/install/class4_tf:/home/com-27x/ros_workspace/ros2_practice_ws/install/turtle_tf2_py:/home/com-27x/mauethesis_ws/IsaacSim-ros_workspaces/foxy_ws/install/isaac_ros_navigation_goal:/home/com-27x/tankros2_ws/install/turtlebot3_teleop:/home/com-27x/tankros2_ws/install/turtlebot3_example:/home/com-27x/tankros2_ws/install/tanky_slam:/home/com-27x/tankros2_ws/install/tanky_navigation:/home/com-27x/tankros2_ws/install/tanky_bringup:/home/com-27x/tankros2_ws/install/tank_robot:/home/com-27x/tankros2_ws/install/tank_odom:/opt/ros/foxy /usr/bin/cmake --build /home/com-27x/gsf_workspace/HTROS2_ws/src/Hands-On-Training-in-ROS2/build/mecanum_description -- -j12 -l12
[0.731s] INFO:colcon.colcon_core.task.python.build:Building Python package in '/home/com-27x/gsf_workspace/HTROS2_ws/src/Hands-On-Training-in-ROS2/mecanum_gazebo'
[0.732s] INFO:colcon.colcon_core.shell:Skip shell extension 'powershell' for command environment: Not usable outside of PowerShell
[0.733s] DEBUG:colcon.colcon_core.shell:Skip shell extension 'dsv' for command environment
[0.920s] INFO:colcon.colcon_core.task.python.build:Building Python package in '/home/com-27x/gsf_workspace/HTROS2_ws/src/Hands-On-Training-in-ROS2/mecanum_slam'
[0.922s] INFO:colcon.colcon_core.shell:Skip shell extension 'powershell' for command environment: Not usable outside of PowerShell
[0.922s] DEBUG:colcon.colcon_core.shell:Skip shell extension 'dsv' for command environment
[0.933s] DEBUG:colcon.colcon_core.event_handler.log_command:Invoked command in '/home/com-27x/gsf_workspace/HTROS2_ws/src/Hands-On-Training-in-ROS2/build/mecanum_description' returned '0': CMAKE_PREFIX_PATH=${CMAKE_PREFIX_PATH}:/home/com-27x/gsf_workspace/HTROS2_ws/install/mecanum_slam:/home/com-27x/gsf_workspace/HTROS2_ws/install/mecanum_gazebo:/home/com-27x/gsf_workspace/HTROS2_ws/install/class4_tf:/home/com-27x/ros_workspace/ros2_practice_ws/install/turtle_tf2_py:/home/com-27x/mauethesis_ws/IsaacSim-ros_workspaces/foxy_ws/install/isaac_ros_navigation_goal:/home/com-27x/tankros2_ws/install/turtlebot3_teleop:/home/com-27x/tankros2_ws/install/turtlebot3_example:/home/com-27x/tankros2_ws/install/tanky_slam:/home/com-27x/tankros2_ws/install/tanky_navigation:/home/com-27x/tankros2_ws/install/tanky_bringup:/home/com-27x/tankros2_ws/install/tank_robot:/home/com-27x/tankros2_ws/install/tank_odom:/opt/ros/foxy /usr/bin/cmake --build /home/com-27x/gsf_workspace/HTROS2_ws/src/Hands-On-Training-in-ROS2/build/mecanum_description -- -j12 -l12
[0.947s] DEBUG:colcon.colcon_core.event_handler.log_command:Invoking command in '/home/com-27x/gsf_workspace/HTROS2_ws/src/Hands-On-Training-in-ROS2/build/mecanum_description': CMAKE_PREFIX_PATH=${CMAKE_PREFIX_PATH}:/home/com-27x/gsf_workspace/HTROS2_ws/install/mecanum_slam:/home/com-27x/gsf_workspace/HTROS2_ws/install/mecanum_gazebo:/home/com-27x/gsf_workspace/HTROS2_ws/install/class4_tf:/home/com-27x/ros_workspace/ros2_practice_ws/install/turtle_tf2_py:/home/com-27x/mauethesis_ws/IsaacSim-ros_workspaces/foxy_ws/install/isaac_ros_navigation_goal:/home/com-27x/tankros2_ws/install/turtlebot3_teleop:/home/com-27x/tankros2_ws/install/turtlebot3_example:/home/com-27x/tankros2_ws/install/tanky_slam:/home/com-27x/tankros2_ws/install/tanky_navigation:/home/com-27x/tankros2_ws/install/tanky_bringup:/home/com-27x/tankros2_ws/install/tank_robot:/home/com-27x/tankros2_ws/install/tank_odom:/opt/ros/foxy /usr/bin/cmake --install /home/com-27x/gsf_workspace/HTROS2_ws/src/Hands-On-Training-in-ROS2/build/mecanum_description
[0.955s] Level 1:colcon.colcon_core.environment:create_environment_scripts_only(mecanum_description)
[0.956s] DEBUG:colcon.colcon_core.event_handler.log_command:Invoked command in '/home/com-27x/gsf_workspace/HTROS2_ws/src/Hands-On-Training-in-ROS2/build/mecanum_description' returned '0': CMAKE_PREFIX_PATH=${CMAKE_PREFIX_PATH}:/home/com-27x/gsf_workspace/HTROS2_ws/install/mecanum_slam:/home/com-27x/gsf_workspace/HTROS2_ws/install/mecanum_gazebo:/home/com-27x/gsf_workspace/HTROS2_ws/install/class4_tf:/home/com-27x/ros_workspace/ros2_practice_ws/install/turtle_tf2_py:/home/com-27x/mauethesis_ws/IsaacSim-ros_workspaces/foxy_ws/install/isaac_ros_navigation_goal:/home/com-27x/tankros2_ws/install/turtlebot3_teleop:/home/com-27x/tankros2_ws/install/turtlebot3_example:/home/com-27x/tankros2_ws/install/tanky_slam:/home/com-27x/tankros2_ws/install/tanky_navigation:/home/com-27x/tankros2_ws/install/tanky_bringup:/home/com-27x/tankros2_ws/install/tank_robot:/home/com-27x/tankros2_ws/install/tank_odom:/opt/ros/foxy /usr/bin/cmake --install /home/com-27x/gsf_workspace/HTROS2_ws/src/Hands-On-Training-in-ROS2/build/mecanum_description
[0.960s] Level 1:colcon.colcon_core.environment:checking '/home/com-27x/gsf_workspace/HTROS2_ws/src/Hands-On-Training-in-ROS2/install/mecanum_description' for CMake module files
[0.961s] Level 1:colcon.colcon_core.environment:checking '/home/com-27x/gsf_workspace/HTROS2_ws/src/Hands-On-Training-in-ROS2/install/mecanum_description' for CMake config files
[0.961s] Level 1:colcon.colcon_core.shell:create_environment_hook('mecanum_description', 'cmake_prefix_path')
[0.963s] INFO:colcon.colcon_core.shell:Creating environment hook '/home/com-27x/gsf_workspace/HTROS2_ws/src/Hands-On-Training-in-ROS2/install/mecanum_description/share/mecanum_description/hook/cmake_prefix_path.ps1'
[0.963s] INFO:colcon.colcon_core.shell:Creating environment descriptor '/home/com-27x/gsf_workspace/HTROS2_ws/src/Hands-On-Training-in-ROS2/install/mecanum_description/share/mecanum_description/hook/cmake_prefix_path.dsv'
[0.963s] INFO:colcon.colcon_core.shell:Creating environment hook '/home/com-27x/gsf_workspace/HTROS2_ws/src/Hands-On-Training-in-ROS2/install/mecanum_description/share/mecanum_description/hook/cmake_prefix_path.sh'
[0.964s] Level 1:colcon.colcon_core.environment:checking '/home/com-27x/gsf_workspace/HTROS2_ws/src/Hands-On-Training-in-ROS2/install/mecanum_description/bin'
[0.964s] Level 1:colcon.colcon_core.environment:checking '/home/com-27x/gsf_workspace/HTROS2_ws/src/Hands-On-Training-in-ROS2/install/mecanum_description/lib/pkgconfig/mecanum_description.pc'
[0.964s] Level 1:colcon.colcon_core.environment:checking '/home/com-27x/gsf_workspace/HTROS2_ws/src/Hands-On-Training-in-ROS2/install/mecanum_description/lib/python3.8/site-packages'
[0.964s] Level 1:colcon.colcon_core.environment:checking '/home/com-27x/gsf_workspace/HTROS2_ws/src/Hands-On-Training-in-ROS2/install/mecanum_description/bin'
[0.966s] INFO:colcon.colcon_core.shell:Creating package script '/home/com-27x/gsf_workspace/HTROS2_ws/src/Hands-On-Training-in-ROS2/install/mecanum_description/share/mecanum_description/package.ps1'
[0.966s] INFO:colcon.colcon_core.shell:Creating package descriptor '/home/com-27x/gsf_workspace/HTROS2_ws/src/Hands-On-Training-in-ROS2/install/mecanum_description/share/mecanum_description/package.dsv'
[0.967s] INFO:colcon.colcon_core.shell:Creating package script '/home/com-27x/gsf_workspace/HTROS2_ws/src/Hands-On-Training-in-ROS2/install/mecanum_description/share/mecanum_description/package.sh'
[0.967s] INFO:colcon.colcon_core.shell:Creating package script '/home/com-27x/gsf_workspace/HTROS2_ws/src/Hands-On-Training-in-ROS2/install/mecanum_description/share/mecanum_description/package.bash'
[0.968s] INFO:colcon.colcon_core.shell:Creating package script '/home/com-27x/gsf_workspace/HTROS2_ws/src/Hands-On-Training-in-ROS2/install/mecanum_description/share/mecanum_description/package.zsh'
[0.969s] Level 1:colcon.colcon_core.environment:create_file_with_runtime_dependencies(/home/com-27x/gsf_workspace/HTROS2_ws/src/Hands-On-Training-in-ROS2/install/mecanum_description/share/colcon-core/packages/mecanum_description)
[0.979s] Level 1:colcon.colcon_core.environment:create_environment_scripts_only(mecanum_description)
[0.982s] Level 1:colcon.colcon_core.environment:checking '/home/com-27x/gsf_workspace/HTROS2_ws/src/Hands-On-Training-in-ROS2/install/mecanum_description' for CMake module files
[0.982s] Level 1:colcon.colcon_core.environment:checking '/home/com-27x/gsf_workspace/HTROS2_ws/src/Hands-On-Training-in-ROS2/install/mecanum_description' for CMake config files
[0.982s] Level 1:colcon.colcon_core.shell:create_environment_hook('mecanum_description', 'cmake_prefix_path')
[0.984s] INFO:colcon.colcon_core.shell:Creating environment hook '/home/com-27x/gsf_workspace/HTROS2_ws/src/Hands-On-Training-in-ROS2/install/mecanum_description/share/mecanum_description/hook/cmake_prefix_path.ps1'
[0.984s] INFO:colcon.colcon_core.shell:Creating environment descriptor '/home/com-27x/gsf_workspace/HTROS2_ws/src/Hands-On-Training-in-ROS2/install/mecanum_description/share/mecanum_description/hook/cmake_prefix_path.dsv'
[0.985s] INFO:colcon.colcon_core.shell:Creating environment hook '/home/com-27x/gsf_workspace/HTROS2_ws/src/Hands-On-Training-in-ROS2/install/mecanum_description/share/mecanum_description/hook/cmake_prefix_path.sh'
[0.985s] Level 1:colcon.colcon_core.environment:checking '/home/com-27x/gsf_workspace/HTROS2_ws/src/Hands-On-Training-in-ROS2/install/mecanum_description/bin'
[0.985s] Level 1:colcon.colcon_core.environment:checking '/home/com-27x/gsf_workspace/HTROS2_ws/src/Hands-On-Training-in-ROS2/install/mecanum_description/lib/pkgconfig/mecanum_description.pc'
[0.985s] Level 1:colcon.colcon_core.environment:checking '/home/com-27x/gsf_workspace/HTROS2_ws/src/Hands-On-Training-in-ROS2/install/mecanum_description/lib/python3.8/site-packages'
[0.985s] Level 1:colcon.colcon_core.environment:checking '/home/com-27x/gsf_workspace/HTROS2_ws/src/Hands-On-Training-in-ROS2/install/mecanum_description/bin'
[0.987s] INFO:colcon.colcon_core.shell:Creating package script '/home/com-27x/gsf_workspace/HTROS2_ws/src/Hands-On-Training-in-ROS2/install/mecanum_description/share/mecanum_description/package.ps1'
[0.987s] INFO:colcon.colcon_core.shell:Creating package descriptor '/home/com-27x/gsf_workspace/HTROS2_ws/src/Hands-On-Training-in-ROS2/install/mecanum_description/share/mecanum_description/package.dsv'
[0.988s] INFO:colcon.colcon_core.shell:Creating package script '/home/com-27x/gsf_workspace/HTROS2_ws/src/Hands-On-Training-in-ROS2/install/mecanum_description/share/mecanum_description/package.sh'
[0.988s] INFO:colcon.colcon_core.shell:Creating package script '/home/com-27x/gsf_workspace/HTROS2_ws/src/Hands-On-Training-in-ROS2/install/mecanum_description/share/mecanum_description/package.bash'
[0.988s] INFO:colcon.colcon_core.shell:Creating package script '/home/com-27x/gsf_workspace/HTROS2_ws/src/Hands-On-Training-in-ROS2/install/mecanum_description/share/mecanum_description/package.zsh'
[0.989s] Level 1:colcon.colcon_core.environment:create_file_with_runtime_dependencies(/home/com-27x/gsf_workspace/HTROS2_ws/src/Hands-On-Training-in-ROS2/install/mecanum_description/share/colcon-core/packages/mecanum_description)
[1.230s] DEBUG:colcon.colcon_core.event_handler.log_command:Invoking command in '/home/com-27x/gsf_workspace/HTROS2_ws/src/Hands-On-Training-in-ROS2/build/class4_tf': PYTHONPATH=/home/com-27x/gsf_workspace/HTROS2_ws/src/Hands-On-Training-in-ROS2/build/class4_tf/prefix_override:/home/com-27x/gsf_workspace/HTROS2_ws/src/Hands-On-Training-in-ROS2/install/class4_tf/lib/python3.8/site-packages:${PYTHONPATH} /usr/bin/python3 setup.py develop --editable --build-directory /home/com-27x/gsf_workspace/HTROS2_ws/src/Hands-On-Training-in-ROS2/build/class4_tf/build --no-deps install_data
[1.233s] DEBUG:colcon.colcon_core.event_handler.log_command:Invoking command in '/home/com-27x/gsf_workspace/HTROS2_ws/src/Hands-On-Training-in-ROS2/build/mecanum_gazebo': PYTHONPATH=/home/com-27x/gsf_workspace/HTROS2_ws/src/Hands-On-Training-in-ROS2/build/mecanum_gazebo/prefix_override:/home/com-27x/gsf_workspace/HTROS2_ws/src/Hands-On-Training-in-ROS2/install/mecanum_gazebo/lib/python3.8/site-packages:${PYTHONPATH} /usr/bin/python3 setup.py develop --editable --build-directory /home/com-27x/gsf_workspace/HTROS2_ws/src/Hands-On-Training-in-ROS2/build/mecanum_gazebo/build --no-deps install_data
[1.245s] DEBUG:colcon.colcon_core.event_handler.log_command:Invoking command in '/home/com-27x/gsf_workspace/HTROS2_ws/src/Hands-On-Training-in-ROS2/build/mecanum_slam': PYTHONPATH=/home/com-27x/gsf_workspace/HTROS2_ws/src/Hands-On-Training-in-ROS2/build/mecanum_slam/prefix_override:/home/com-27x/gsf_workspace/HTROS2_ws/src/Hands-On-Training-in-ROS2/install/mecanum_slam/lib/python3.8/site-packages:${PYTHONPATH} /usr/bin/python3 setup.py develop --editable --build-directory /home/com-27x/gsf_workspace/HTROS2_ws/src/Hands-On-Training-in-ROS2/build/mecanum_slam/build --no-deps install_data
[1.573s] Level 1:colcon.colcon_core.shell:create_environment_hook('class4_tf', 'pythonpath_develop')
[1.574s] INFO:colcon.colcon_core.shell:Creating environment hook '/home/com-27x/gsf_workspace/HTROS2_ws/src/Hands-On-Training-in-ROS2/build/class4_tf/share/class4_tf/hook/pythonpath_develop.ps1'
[1.575s] DEBUG:colcon.colcon_core.event_handler.log_command:Invoked command in '/home/com-27x/gsf_workspace/HTROS2_ws/src/Hands-On-Training-in-ROS2/build/class4_tf' returned '0': PYTHONPATH=/home/com-27x/gsf_workspace/HTROS2_ws/src/Hands-On-Training-in-ROS2/build/class4_tf/prefix_override:/home/com-27x/gsf_workspace/HTROS2_ws/src/Hands-On-Training-in-ROS2/install/class4_tf/lib/python3.8/site-packages:${PYTHONPATH} /usr/bin/python3 setup.py develop --editable --build-directory /home/com-27x/gsf_workspace/HTROS2_ws/src/Hands-On-Training-in-ROS2/build/class4_tf/build --no-deps install_data
[1.575s] INFO:colcon.colcon_core.shell:Creating environment descriptor '/home/com-27x/gsf_workspace/HTROS2_ws/src/Hands-On-Training-in-ROS2/build/class4_tf/share/class4_tf/hook/pythonpath_develop.dsv'
[1.575s] INFO:colcon.colcon_core.shell:Creating environment hook '/home/com-27x/gsf_workspace/HTROS2_ws/src/Hands-On-Training-in-ROS2/build/class4_tf/share/class4_tf/hook/pythonpath_develop.sh'
[1.577s] Level 1:colcon.colcon_core.environment:checking '/home/com-27x/gsf_workspace/HTROS2_ws/src/Hands-On-Training-in-ROS2/install/class4_tf' for CMake module files
[1.577s] Level 1:colcon.colcon_core.environment:checking '/home/com-27x/gsf_workspace/HTROS2_ws/src/Hands-On-Training-in-ROS2/install/class4_tf' for CMake config files
[1.578s] Level 1:colcon.colcon_core.environment:checking '/home/com-27x/gsf_workspace/HTROS2_ws/src/Hands-On-Training-in-ROS2/install/class4_tf/lib'
[1.578s] Level 1:colcon.colcon_core.environment:checking '/home/com-27x/gsf_workspace/HTROS2_ws/src/Hands-On-Training-in-ROS2/install/class4_tf/bin'
[1.578s] Level 1:colcon.colcon_core.environment:checking '/home/com-27x/gsf_workspace/HTROS2_ws/src/Hands-On-Training-in-ROS2/install/class4_tf/lib/pkgconfig/class4_tf.pc'
[1.578s] Level 1:colcon.colcon_core.environment:checking '/home/com-27x/gsf_workspace/HTROS2_ws/src/Hands-On-Training-in-ROS2/install/class4_tf/lib/python3.8/site-packages'
[1.578s] Level 1:colcon.colcon_core.shell:create_environment_hook('class4_tf', 'pythonpath')
[1.579s] INFO:colcon.colcon_core.shell:Creating environment hook '/home/com-27x/gsf_workspace/HTROS2_ws/src/Hands-On-Training-in-ROS2/install/class4_tf/share/class4_tf/hook/pythonpath.ps1'
[1.579s] INFO:colcon.colcon_core.shell:Creating environment descriptor '/home/com-27x/gsf_workspace/HTROS2_ws/src/Hands-On-Training-in-ROS2/install/class4_tf/share/class4_tf/hook/pythonpath.dsv'
[1.580s] INFO:colcon.colcon_core.shell:Creating environment hook '/home/com-27x/gsf_workspace/HTROS2_ws/src/Hands-On-Training-in-ROS2/install/class4_tf/share/class4_tf/hook/pythonpath.sh'
[1.580s] Level 1:colcon.colcon_core.environment:checking '/home/com-27x/gsf_workspace/HTROS2_ws/src/Hands-On-Training-in-ROS2/install/class4_tf/bin'
[1.580s] Level 1:colcon.colcon_core.environment:create_environment_scripts_only(class4_tf)
[1.581s] INFO:colcon.colcon_core.shell:Creating package script '/home/com-27x/gsf_workspace/HTROS2_ws/src/Hands-On-Training-in-ROS2/install/class4_tf/share/class4_tf/package.ps1'
[1.582s] INFO:colcon.colcon_core.shell:Creating package descriptor '/home/com-27x/gsf_workspace/HTROS2_ws/src/Hands-On-Training-in-ROS2/install/class4_tf/share/class4_tf/package.dsv'
[1.582s] INFO:colcon.colcon_core.shell:Creating package script '/home/com-27x/gsf_workspace/HTROS2_ws/src/Hands-On-Training-in-ROS2/install/class4_tf/share/class4_tf/package.sh'
[1.582s] INFO:colcon.colcon_core.shell:Creating package script '/home/com-27x/gsf_workspace/HTROS2_ws/src/Hands-On-Training-in-ROS2/install/class4_tf/share/class4_tf/package.bash'
[1.582s] INFO:colcon.colcon_core.shell:Creating package script '/home/com-27x/gsf_workspace/HTROS2_ws/src/Hands-On-Training-in-ROS2/install/class4_tf/share/class4_tf/package.zsh'
[1.583s] Level 1:colcon.colcon_core.environment:create_file_with_runtime_dependencies(/home/com-27x/gsf_workspace/HTROS2_ws/src/Hands-On-Training-in-ROS2/install/class4_tf/share/colcon-core/packages/class4_tf)
[1.583s] Level 1:colcon.colcon_core.shell:create_environment_hook('mecanum_gazebo', 'pythonpath_develop')
[1.584s] INFO:colcon.colcon_core.shell:Creating environment hook '/home/com-27x/gsf_workspace/HTROS2_ws/src/Hands-On-Training-in-ROS2/build/mecanum_gazebo/share/mecanum_gazebo/hook/pythonpath_develop.ps1'
[1.585s] DEBUG:colcon.colcon_core.event_handler.log_command:Invoked command in '/home/com-27x/gsf_workspace/HTROS2_ws/src/Hands-On-Training-in-ROS2/build/mecanum_gazebo' returned '0': PYTHONPATH=/home/com-27x/gsf_workspace/HTROS2_ws/src/Hands-On-Training-in-ROS2/build/mecanum_gazebo/prefix_override:/home/com-27x/gsf_workspace/HTROS2_ws/src/Hands-On-Training-in-ROS2/install/mecanum_gazebo/lib/python3.8/site-packages:${PYTHONPATH} /usr/bin/python3 setup.py develop --editable --build-directory /home/com-27x/gsf_workspace/HTROS2_ws/src/Hands-On-Training-in-ROS2/build/mecanum_gazebo/build --no-deps install_data
[1.585s] INFO:colcon.colcon_core.shell:Creating environment descriptor '/home/com-27x/gsf_workspace/HTROS2_ws/src/Hands-On-Training-in-ROS2/build/mecanum_gazebo/share/mecanum_gazebo/hook/pythonpath_develop.dsv'
[1.585s] INFO:colcon.colcon_core.shell:Creating environment hook '/home/com-27x/gsf_workspace/HTROS2_ws/src/Hands-On-Training-in-ROS2/build/mecanum_gazebo/share/mecanum_gazebo/hook/pythonpath_develop.sh'
[1.586s] Level 1:colcon.colcon_core.environment:checking '/home/com-27x/gsf_workspace/HTROS2_ws/src/Hands-On-Training-in-ROS2/install/mecanum_gazebo' for CMake module files
[1.586s] Level 1:colcon.colcon_core.environment:checking '/home/com-27x/gsf_workspace/HTROS2_ws/src/Hands-On-Training-in-ROS2/install/mecanum_gazebo' for CMake config files
[1.587s] Level 1:colcon.colcon_core.environment:checking '/home/com-27x/gsf_workspace/HTROS2_ws/src/Hands-On-Training-in-ROS2/install/mecanum_gazebo/lib'
[1.587s] Level 1:colcon.colcon_core.environment:checking '/home/com-27x/gsf_workspace/HTROS2_ws/src/Hands-On-Training-in-ROS2/install/mecanum_gazebo/bin'
[1.587s] Level 1:colcon.colcon_core.environment:checking '/home/com-27x/gsf_workspace/HTROS2_ws/src/Hands-On-Training-in-ROS2/install/mecanum_gazebo/lib/pkgconfig/mecanum_gazebo.pc'
[1.587s] Level 1:colcon.colcon_core.environment:checking '/home/com-27x/gsf_workspace/HTROS2_ws/src/Hands-On-Training-in-ROS2/install/mecanum_gazebo/lib/python3.8/site-packages'
[1.587s] Level 1:colcon.colcon_core.shell:create_environment_hook('mecanum_gazebo', 'pythonpath')
[1.588s] INFO:colcon.colcon_core.shell:Creating environment hook '/home/com-27x/gsf_workspace/HTROS2_ws/src/Hands-On-Training-in-ROS2/install/mecanum_gazebo/share/mecanum_gazebo/hook/pythonpath.ps1'
[1.588s] INFO:colcon.colcon_core.shell:Creating environment descriptor '/home/com-27x/gsf_workspace/HTROS2_ws/src/Hands-On-Training-in-ROS2/install/mecanum_gazebo/share/mecanum_gazebo/hook/pythonpath.dsv'
[1.588s] INFO:colcon.colcon_core.shell:Creating environment hook '/home/com-27x/gsf_workspace/HTROS2_ws/src/Hands-On-Training-in-ROS2/install/mecanum_gazebo/share/mecanum_gazebo/hook/pythonpath.sh'
[1.588s] Level 1:colcon.colcon_core.environment:checking '/home/com-27x/gsf_workspace/HTROS2_ws/src/Hands-On-Training-in-ROS2/install/mecanum_gazebo/bin'
[1.589s] Level 1:colcon.colcon_core.environment:create_environment_scripts_only(mecanum_gazebo)
[1.589s] INFO:colcon.colcon_core.shell:Creating package script '/home/com-27x/gsf_workspace/HTROS2_ws/src/Hands-On-Training-in-ROS2/install/mecanum_gazebo/share/mecanum_gazebo/package.ps1'
[1.590s] INFO:colcon.colcon_core.shell:Creating package descriptor '/home/com-27x/gsf_workspace/HTROS2_ws/src/Hands-On-Training-in-ROS2/install/mecanum_gazebo/share/mecanum_gazebo/package.dsv'
[1.590s] INFO:colcon.colcon_core.shell:Creating package script '/home/com-27x/gsf_workspace/HTROS2_ws/src/Hands-On-Training-in-ROS2/install/mecanum_gazebo/share/mecanum_gazebo/package.sh'
[1.590s] INFO:colcon.colcon_core.shell:Creating package script '/home/com-27x/gsf_workspace/HTROS2_ws/src/Hands-On-Training-in-ROS2/install/mecanum_gazebo/share/mecanum_gazebo/package.bash'
[1.590s] INFO:colcon.colcon_core.shell:Creating package script '/home/com-27x/gsf_workspace/HTROS2_ws/src/Hands-On-Training-in-ROS2/install/mecanum_gazebo/share/mecanum_gazebo/package.zsh'
[1.591s] Level 1:colcon.colcon_core.environment:create_file_with_runtime_dependencies(/home/com-27x/gsf_workspace/HTROS2_ws/src/Hands-On-Training-in-ROS2/install/mecanum_gazebo/share/colcon-core/packages/mecanum_gazebo)
[1.591s] Level 1:colcon.colcon_core.shell:create_environment_hook('mecanum_slam', 'pythonpath_develop')
[1.592s] INFO:colcon.colcon_core.shell:Creating environment hook '/home/com-27x/gsf_workspace/HTROS2_ws/src/Hands-On-Training-in-ROS2/build/mecanum_slam/share/mecanum_slam/hook/pythonpath_develop.ps1'
[1.592s] DEBUG:colcon.colcon_core.event_handler.log_command:Invoked command in '/home/com-27x/gsf_workspace/HTROS2_ws/src/Hands-On-Training-in-ROS2/build/mecanum_slam' returned '0': PYTHONPATH=/home/com-27x/gsf_workspace/HTROS2_ws/src/Hands-On-Training-in-ROS2/build/mecanum_slam/prefix_override:/home/com-27x/gsf_workspace/HTROS2_ws/src/Hands-On-Training-in-ROS2/install/mecanum_slam/lib/python3.8/site-packages:${PYTHONPATH} /usr/bin/python3 setup.py develop --editable --build-directory /home/com-27x/gsf_workspace/HTROS2_ws/src/Hands-On-Training-in-ROS2/build/mecanum_slam/build --no-deps install_data
[1.592s] INFO:colcon.colcon_core.shell:Creating environment descriptor '/home/com-27x/gsf_workspace/HTROS2_ws/src/Hands-On-Training-in-ROS2/build/mecanum_slam/share/mecanum_slam/hook/pythonpath_develop.dsv'
[1.593s] INFO:colcon.colcon_core.shell:Creating environment hook '/home/com-27x/gsf_workspace/HTROS2_ws/src/Hands-On-Training-in-ROS2/build/mecanum_slam/share/mecanum_slam/hook/pythonpath_develop.sh'
[1.594s] Level 1:colcon.colcon_core.environment:checking '/home/com-27x/gsf_workspace/HTROS2_ws/src/Hands-On-Training-in-ROS2/install/mecanum_slam' for CMake module files
[1.594s] Level 1:colcon.colcon_core.environment:checking '/home/com-27x/gsf_workspace/HTROS2_ws/src/Hands-On-Training-in-ROS2/install/mecanum_slam' for CMake config files
[1.595s] Level 1:colcon.colcon_core.environment:checking '/home/com-27x/gsf_workspace/HTROS2_ws/src/Hands-On-Training-in-ROS2/install/mecanum_slam/lib'
[1.595s] Level 1:colcon.colcon_core.environment:checking '/home/com-27x/gsf_workspace/HTROS2_ws/src/Hands-On-Training-in-ROS2/install/mecanum_slam/bin'
[1.595s] Level 1:colcon.colcon_core.environment:checking '/home/com-27x/gsf_workspace/HTROS2_ws/src/Hands-On-Training-in-ROS2/install/mecanum_slam/lib/pkgconfig/mecanum_slam.pc'
[1.595s] Level 1:colcon.colcon_core.environment:checking '/home/com-27x/gsf_workspace/HTROS2_ws/src/Hands-On-Training-in-ROS2/install/mecanum_slam/lib/python3.8/site-packages'
[1.595s] Level 1:colcon.colcon_core.shell:create_environment_hook('mecanum_slam', 'pythonpath')
[1.596s] INFO:colcon.colcon_core.shell:Creating environment hook '/home/com-27x/gsf_workspace/HTROS2_ws/src/Hands-On-Training-in-ROS2/install/mecanum_slam/share/mecanum_slam/hook/pythonpath.ps1'
[1.596s] INFO:colcon.colcon_core.shell:Creating environment descriptor '/home/com-27x/gsf_workspace/HTROS2_ws/src/Hands-On-Training-in-ROS2/install/mecanum_slam/share/mecanum_slam/hook/pythonpath.dsv'
[1.596s] INFO:colcon.colcon_core.shell:Creating environment hook '/home/com-27x/gsf_workspace/HTROS2_ws/src/Hands-On-Training-in-ROS2/install/mecanum_slam/share/mecanum_slam/hook/pythonpath.sh'
[1.596s] Level 1:colcon.colcon_core.environment:checking '/home/com-27x/gsf_workspace/HTROS2_ws/src/Hands-On-Training-in-ROS2/install/mecanum_slam/bin'
[1.596s] Level 1:colcon.colcon_core.environment:create_environment_scripts_only(mecanum_slam)
[1.597s] INFO:colcon.colcon_core.shell:Creating package script '/home/com-27x/gsf_workspace/HTROS2_ws/src/Hands-On-Training-in-ROS2/install/mecanum_slam/share/mecanum_slam/package.ps1'
[1.598s] INFO:colcon.colcon_core.shell:Creating package descriptor '/home/com-27x/gsf_workspace/HTROS2_ws/src/Hands-On-Training-in-ROS2/install/mecanum_slam/share/mecanum_slam/package.dsv'
[1.598s] INFO:colcon.colcon_core.shell:Creating package script '/home/com-27x/gsf_workspace/HTROS2_ws/src/Hands-On-Training-in-ROS2/install/mecanum_slam/share/mecanum_slam/package.sh'
[1.598s] INFO:colcon.colcon_core.shell:Creating package script '/home/com-27x/gsf_workspace/HTROS2_ws/src/Hands-On-Training-in-ROS2/install/mecanum_slam/share/mecanum_slam/package.bash'
[1.598s] INFO:colcon.colcon_core.shell:Creating package script '/home/com-27x/gsf_workspace/HTROS2_ws/src/Hands-On-Training-in-ROS2/install/mecanum_slam/share/mecanum_slam/package.zsh'
[1.598s] Level 1:colcon.colcon_core.environment:create_file_with_runtime_dependencies(/home/com-27x/gsf_workspace/HTROS2_ws/src/Hands-On-Training-in-ROS2/install/mecanum_slam/share/colcon-core/packages/mecanum_slam)
[1.599s] DEBUG:colcon.colcon_parallel_executor.executor.parallel:closing loop
[1.599s] DEBUG:colcon.colcon_parallel_executor.executor.parallel:loop closed
[1.599s] DEBUG:colcon.colcon_parallel_executor.executor.parallel:run_until_complete finished with '0'
[1.599s] DEBUG:colcon.colcon_core.event_reactor:joining thread
[1.604s] INFO:colcon.colcon_core.plugin_system:Skipping extension 'colcon_notification.desktop_notification.terminal_notifier': Not used on non-Darwin systems
[1.604s] INFO:colcon.colcon_core.plugin_system:Skipping extension 'colcon_notification.desktop_notification.win32': Not used on non-Windows systems
[1.604s] INFO:colcon.colcon_notification.desktop_notification:Sending desktop notification using 'notify2'
[1.613s] DEBUG:colcon.colcon_core.event_reactor:joined thread
[1.615s] INFO:colcon.colcon_core.shell:Creating prefix script '/home/com-27x/gsf_workspace/HTROS2_ws/src/Hands-On-Training-in-ROS2/install/local_setup.ps1'
[1.615s] INFO:colcon.colcon_core.shell:Creating prefix util module '/home/com-27x/gsf_workspace/HTROS2_ws/src/Hands-On-Training-in-ROS2/install/_local_setup_util_ps1.py'
[1.616s] INFO:colcon.colcon_core.shell:Creating prefix chain script '/home/com-27x/gsf_workspace/HTROS2_ws/src/Hands-On-Training-in-ROS2/install/setup.ps1'
[1.619s] INFO:colcon.colcon_core.shell:Creating prefix script '/home/com-27x/gsf_workspace/HTROS2_ws/src/Hands-On-Training-in-ROS2/install/local_setup.sh'
[1.619s] INFO:colcon.colcon_core.shell:Creating prefix util module '/home/com-27x/gsf_workspace/HTROS2_ws/src/Hands-On-Training-in-ROS2/install/_local_setup_util_sh.py'
[1.619s] INFO:colcon.colcon_core.shell:Creating prefix chain script '/home/com-27x/gsf_workspace/HTROS2_ws/src/Hands-On-Training-in-ROS2/install/setup.sh'
[1.622s] INFO:colcon.colcon_core.shell:Creating prefix script '/home/com-27x/gsf_workspace/HTROS2_ws/src/Hands-On-Training-in-ROS2/install/local_setup.bash'
[1.622s] INFO:colcon.colcon_core.shell:Creating prefix chain script '/home/com-27x/gsf_workspace/HTROS2_ws/src/Hands-On-Training-in-ROS2/install/setup.bash'
[1.625s] INFO:colcon.colcon_core.shell:Creating prefix script '/home/com-27x/gsf_workspace/HTROS2_ws/src/Hands-On-Training-in-ROS2/install/local_setup.zsh'
[1.625s] INFO:colcon.colcon_core.shell:Creating prefix chain script '/home/com-27x/gsf_workspace/HTROS2_ws/src/Hands-On-Training-in-ROS2/install/setup.zsh'
