running develop
running egg_info
creating class4_tf.egg-info
writing class4_tf.egg-info/PKG-INFO
writing dependency_links to class4_tf.egg-info/dependency_links.txt
writing entry points to class4_tf.egg-info/entry_points.txt
writing requirements to class4_tf.egg-info/requires.txt
writing top-level names to class4_tf.egg-info/top_level.txt
writing manifest file 'class4_tf.egg-info/SOURCES.txt'
reading manifest file 'class4_tf.egg-info/SOURCES.txt'
writing manifest file 'class4_tf.egg-info/SOURCES.txt'
running build_ext
Creating /home/com-27x/gsf_workspace/HTROS2_ws/src/Hands-On-Training-in-ROS2/install/class4_tf/lib/python3.8/site-packages/site.py
Creating /home/com-27x/gsf_workspace/HTROS2_ws/src/Hands-On-Training-in-ROS2/install/class4_tf/lib/python3.8/site-packages/class4-tf.egg-link (link to .)
Installing ans_assignment5 script to /home/com-27x/gsf_workspace/HTROS2_ws/src/Hands-On-Training-in-ROS2/install/class4_tf/lib/class4_tf
Installing assignment1 script to /home/com-27x/gsf_workspace/HTROS2_ws/src/Hands-On-Training-in-ROS2/install/class4_tf/lib/class4_tf
Installing assignment3_broadcast script to /home/com-27x/gsf_workspace/HTROS2_ws/src/Hands-On-Training-in-ROS2/install/class4_tf/lib/class4_tf
Installing assignment3_listen script to /home/com-27x/gsf_workspace/HTROS2_ws/src/Hands-On-Training-in-ROS2/install/class4_tf/lib/class4_tf
Installing broadcast_fix script to /home/com-27x/gsf_workspace/HTROS2_ws/src/Hands-On-Training-in-ROS2/install/class4_tf/lib/class4_tf
Installing broadcaster script to /home/com-27x/gsf_workspace/HTROS2_ws/src/Hands-On-Training-in-ROS2/install/class4_tf/lib/class4_tf
Installing listener script to /home/com-27x/gsf_workspace/HTROS2_ws/src/Hands-On-Training-in-ROS2/install/class4_tf/lib/class4_tf

Installed /home/com-27x/gsf_workspace/HTROS2_ws/src/Hands-On-Training-in-ROS2/build/class4_tf
running install_data
creating /home/com-27x/gsf_workspace/HTROS2_ws/src/Hands-On-Training-in-ROS2/install/class4_tf/share/ament_index
creating /home/com-27x/gsf_workspace/HTROS2_ws/src/Hands-On-Training-in-ROS2/install/class4_tf/share/ament_index/resource_index
creating /home/com-27x/gsf_workspace/HTROS2_ws/src/Hands-On-Training-in-ROS2/install/class4_tf/share/ament_index/resource_index/packages
copying resource/class4_tf -> /home/com-27x/gsf_workspace/HTROS2_ws/src/Hands-On-Training-in-ROS2/install/class4_tf/share/ament_index/resource_index/packages
copying package.xml -> /home/com-27x/gsf_workspace/HTROS2_ws/src/Hands-On-Training-in-ROS2/install/class4_tf/share/class4_tf
creating /home/com-27x/gsf_workspace/HTROS2_ws/src/Hands-On-Training-in-ROS2/install/class4_tf/share/class4_tf/launch
copying launch/assignment3.launch.py -> /home/com-27x/gsf_workspace/HTROS2_ws/src/Hands-On-Training-in-ROS2/install/class4_tf/share/class4_tf/launch
copying launch/ans_assignment5.launch.py -> /home/com-27x/gsf_workspace/HTROS2_ws/src/Hands-On-Training-in-ROS2/install/class4_tf/share/class4_tf/launch
copying launch/broadcaster.launch.py -> /home/com-27x/gsf_workspace/HTROS2_ws/src/Hands-On-Training-in-ROS2/install/class4_tf/share/class4_tf/launch
copying launch/listener.launch.py -> /home/com-27x/gsf_workspace/HTROS2_ws/src/Hands-On-Training-in-ROS2/install/class4_tf/share/class4_tf/launch
copying launch/assignment2.launch.py -> /home/com-27x/gsf_workspace/HTROS2_ws/src/Hands-On-Training-in-ROS2/install/class4_tf/share/class4_tf/launch
