[0.895s] Invoking command in '/home/com-27x/gsf_workspace/HTROS2_ws/src/Hands-On-Training-in-ROS2/build/class4_tf': PYTHONPATH=/home/com-27x/gsf_workspace/HTROS2_ws/src/Hands-On-Training-in-ROS2/build/class4_tf/prefix_override:/home/com-27x/gsf_workspace/HTROS2_ws/src/Hands-On-Training-in-ROS2/install/class4_tf/lib/python3.8/site-packages:${PYTHONPATH} /usr/bin/python3 setup.py develop --editable --build-directory /home/com-27x/gsf_workspace/HTROS2_ws/src/Hands-On-Training-in-ROS2/build/class4_tf/build --no-deps install_data
[1.068s] running develop
[1.181s] running egg_info
[1.181s] creating class4_tf.egg-info
[1.181s] writing class4_tf.egg-info/PKG-INFO
[1.181s] writing dependency_links to class4_tf.egg-info/dependency_links.txt
[1.181s] writing entry points to class4_tf.egg-info/entry_points.txt
[1.181s] writing requirements to class4_tf.egg-info/requires.txt
[1.181s] writing top-level names to class4_tf.egg-info/top_level.txt
[1.182s] writing manifest file 'class4_tf.egg-info/SOURCES.txt'
[1.201s] reading manifest file 'class4_tf.egg-info/SOURCES.txt'
[1.202s] writing manifest file 'class4_tf.egg-info/SOURCES.txt'
[1.223s] running build_ext
[1.223s] Creating /home/com-27x/gsf_workspace/HTROS2_ws/src/Hands-On-Training-in-ROS2/install/class4_tf/lib/python3.8/site-packages/site.py
[1.224s] Creating /home/com-27x/gsf_workspace/HTROS2_ws/src/Hands-On-Training-in-ROS2/install/class4_tf/lib/python3.8/site-packages/class4-tf.egg-link (link to .)
[1.225s] Installing ans_assignment5 script to /home/com-27x/gsf_workspace/HTROS2_ws/src/Hands-On-Training-in-ROS2/install/class4_tf/lib/class4_tf
[1.225s] Installing assignment1 script to /home/com-27x/gsf_workspace/HTROS2_ws/src/Hands-On-Training-in-ROS2/install/class4_tf/lib/class4_tf
[1.225s] Installing assignment3_broadcast script to /home/com-27x/gsf_workspace/HTROS2_ws/src/Hands-On-Training-in-ROS2/install/class4_tf/lib/class4_tf
[1.225s] Installing assignment3_listen script to /home/com-27x/gsf_workspace/HTROS2_ws/src/Hands-On-Training-in-ROS2/install/class4_tf/lib/class4_tf
[1.225s] Installing broadcast_fix script to /home/com-27x/gsf_workspace/HTROS2_ws/src/Hands-On-Training-in-ROS2/install/class4_tf/lib/class4_tf
[1.225s] Installing broadcaster script to /home/com-27x/gsf_workspace/HTROS2_ws/src/Hands-On-Training-in-ROS2/install/class4_tf/lib/class4_tf
[1.225s] Installing listener script to /home/com-27x/gsf_workspace/HTROS2_ws/src/Hands-On-Training-in-ROS2/install/class4_tf/lib/class4_tf
[1.225s] 
[1.225s] Installed /home/com-27x/gsf_workspace/HTROS2_ws/src/Hands-On-Training-in-ROS2/build/class4_tf
[1.225s] running install_data
[1.225s] creating /home/com-27x/gsf_workspace/HTROS2_ws/src/Hands-On-Training-in-ROS2/install/class4_tf/share/ament_index
[1.226s] creating /home/com-27x/gsf_workspace/HTROS2_ws/src/Hands-On-Training-in-ROS2/install/class4_tf/share/ament_index/resource_index
[1.226s] creating /home/com-27x/gsf_workspace/HTROS2_ws/src/Hands-On-Training-in-ROS2/install/class4_tf/share/ament_index/resource_index/packages
[1.226s] copying resource/class4_tf -> /home/com-27x/gsf_workspace/HTROS2_ws/src/Hands-On-Training-in-ROS2/install/class4_tf/share/ament_index/resource_index/packages
[1.226s] copying package.xml -> /home/com-27x/gsf_workspace/HTROS2_ws/src/Hands-On-Training-in-ROS2/install/class4_tf/share/class4_tf
[1.226s] creating /home/com-27x/gsf_workspace/HTROS2_ws/src/Hands-On-Training-in-ROS2/install/class4_tf/share/class4_tf/launch
[1.226s] copying launch/assignment3.launch.py -> /home/com-27x/gsf_workspace/HTROS2_ws/src/Hands-On-Training-in-ROS2/install/class4_tf/share/class4_tf/launch
[1.226s] copying launch/ans_assignment5.launch.py -> /home/com-27x/gsf_workspace/HTROS2_ws/src/Hands-On-Training-in-ROS2/install/class4_tf/share/class4_tf/launch
[1.226s] copying launch/broadcaster.launch.py -> /home/com-27x/gsf_workspace/HTROS2_ws/src/Hands-On-Training-in-ROS2/install/class4_tf/share/class4_tf/launch
[1.226s] copying launch/listener.launch.py -> /home/com-27x/gsf_workspace/HTROS2_ws/src/Hands-On-Training-in-ROS2/install/class4_tf/share/class4_tf/launch
[1.226s] copying launch/assignment2.launch.py -> /home/com-27x/gsf_workspace/HTROS2_ws/src/Hands-On-Training-in-ROS2/install/class4_tf/share/class4_tf/launch
[1.249s] Invoked command in '/home/com-27x/gsf_workspace/HTROS2_ws/src/Hands-On-Training-in-ROS2/build/class4_tf' returned '0': PYTHONPATH=/home/com-27x/gsf_workspace/HTROS2_ws/src/Hands-On-Training-in-ROS2/build/class4_tf/prefix_override:/home/com-27x/gsf_workspace/HTROS2_ws/src/Hands-On-Training-in-ROS2/install/class4_tf/lib/python3.8/site-packages:${PYTHONPATH} /usr/bin/python3 setup.py develop --editable --build-directory /home/com-27x/gsf_workspace/HTROS2_ws/src/Hands-On-Training-in-ROS2/build/class4_tf/build --no-deps install_data
