-- Install configuration: ""
-- Execute custom install script
-- Up-to-date symlink: /home/com-27x/gsf_workspace/HTROS2_ws/src/Hands-On-Training-in-ROS2/install/mecanum_description/share/mecanum_description/launch/mecanum_description.launch.py
-- Up-to-date symlink: /home/com-27x/gsf_workspace/HTROS2_ws/src/Hands-On-Training-in-ROS2/install/mecanum_description/share/mecanum_description/launch/simple_robot.launch.py
-- Up-to-date symlink: /home/com-27x/gsf_workspace/HTROS2_ws/src/Hands-On-Training-in-ROS2/install/mecanum_description/share/mecanum_description/urdf/base_robot.urdf.xacro
-- Up-to-date symlink: /home/com-27x/gsf_workspace/HTROS2_ws/src/Hands-On-Training-in-ROS2/install/mecanum_description/share/mecanum_description/urdf/basic_mobile_robot.urdf.xacro
-- Up-to-date symlink: /home/com-27x/gsf_workspace/HTROS2_ws/src/Hands-On-Training-in-ROS2/install/mecanum_description/share/mecanum_description/urdf/generic_laser.urdf.xacro
-- Up-to-date symlink: /home/com-27x/gsf_workspace/HTROS2_ws/src/Hands-On-Training-in-ROS2/install/mecanum_description/share/mecanum_description/urdf/laser.urdf.xacro
-- Up-to-date symlink: /home/com-27x/gsf_workspace/HTROS2_ws/src/Hands-On-Training-in-ROS2/install/mecanum_description/share/mecanum_description/urdf/mecanum_drive.urdf.xacro
-- Up-to-date symlink: /home/com-27x/gsf_workspace/HTROS2_ws/src/Hands-On-Training-in-ROS2/install/mecanum_description/share/mecanum_description/urdf/mecanum_properties.urdf.xacro
-- Up-to-date symlink: /home/com-27x/gsf_workspace/HTROS2_ws/src/Hands-On-Training-in-ROS2/install/mecanum_description/share/mecanum_description/urdf/mecanum_robot.urdf.xacro
-- Up-to-date symlink: /home/com-27x/gsf_workspace/HTROS2_ws/src/Hands-On-Training-in-ROS2/install/mecanum_description/share/mecanum_description/urdf/mecanum_wheel.urdf.xacro
-- Up-to-date symlink: /home/com-27x/gsf_workspace/HTROS2_ws/src/Hands-On-Training-in-ROS2/install/mecanum_description/share/mecanum_description/rviz/description.rviz
-- Up-to-date symlink: /home/com-27x/gsf_workspace/HTROS2_ws/src/Hands-On-Training-in-ROS2/install/mecanum_description/share/mecanum_description/rviz/mecanum_description.rviz
-- Up-to-date symlink: /home/com-27x/gsf_workspace/HTROS2_ws/src/Hands-On-Training-in-ROS2/install/mecanum_description/share/mecanum_description/rviz/mobile_robot_config.rviz
-- Up-to-date symlink: /home/com-27x/gsf_workspace/HTROS2_ws/src/Hands-On-Training-in-ROS2/install/mecanum_description/share/mecanum_description/meshes/arm_base.stl
-- Up-to-date symlink: /home/com-27x/gsf_workspace/HTROS2_ws/src/Hands-On-Training-in-ROS2/install/mecanum_description/share/mecanum_description/meshes/bicep.stl
-- Up-to-date symlink: /home/com-27x/gsf_workspace/HTROS2_ws/src/Hands-On-Training-in-ROS2/install/mecanum_description/share/mecanum_description/meshes/elbow.stl
-- Up-to-date symlink: /home/com-27x/gsf_workspace/HTROS2_ws/src/Hands-On-Training-in-ROS2/install/mecanum_description/share/mecanum_description/meshes/robot_base.stl
-- Up-to-date symlink: /home/com-27x/gsf_workspace/HTROS2_ws/src/Hands-On-Training-in-ROS2/install/mecanum_description/share/mecanum_description/meshes/wheel.stl
-- Up-to-date symlink: /home/com-27x/gsf_workspace/HTROS2_ws/src/Hands-On-Training-in-ROS2/install/mecanum_description/share/mecanum_description/meshes/wrist.stl
-- Up-to-date symlink: /home/com-27x/gsf_workspace/HTROS2_ws/src/Hands-On-Training-in-ROS2/install/mecanum_description/share/ament_index/resource_index/package_run_dependencies/mecanum_description
-- Up-to-date symlink: /home/com-27x/gsf_workspace/HTROS2_ws/src/Hands-On-Training-in-ROS2/install/mecanum_description/share/ament_index/resource_index/parent_prefix_path/mecanum_description
-- Up-to-date symlink: /home/com-27x/gsf_workspace/HTROS2_ws/src/Hands-On-Training-in-ROS2/install/mecanum_description/share/mecanum_description/environment/ament_prefix_path.sh
-- Up-to-date symlink: /home/com-27x/gsf_workspace/HTROS2_ws/src/Hands-On-Training-in-ROS2/install/mecanum_description/share/mecanum_description/environment/ament_prefix_path.dsv
-- Up-to-date symlink: /home/com-27x/gsf_workspace/HTROS2_ws/src/Hands-On-Training-in-ROS2/install/mecanum_description/share/mecanum_description/environment/path.sh
-- Up-to-date symlink: /home/com-27x/gsf_workspace/HTROS2_ws/src/Hands-On-Training-in-ROS2/install/mecanum_description/share/mecanum_description/environment/path.dsv
-- Up-to-date symlink: /home/com-27x/gsf_workspace/HTROS2_ws/src/Hands-On-Training-in-ROS2/install/mecanum_description/share/mecanum_description/local_setup.bash
-- Up-to-date symlink: /home/com-27x/gsf_workspace/HTROS2_ws/src/Hands-On-Training-in-ROS2/install/mecanum_description/share/mecanum_description/local_setup.sh
-- Up-to-date symlink: /home/com-27x/gsf_workspace/HTROS2_ws/src/Hands-On-Training-in-ROS2/install/mecanum_description/share/mecanum_description/local_setup.zsh
-- Up-to-date symlink: /home/com-27x/gsf_workspace/HTROS2_ws/src/Hands-On-Training-in-ROS2/install/mecanum_description/share/mecanum_description/local_setup.dsv
-- Symlinking: /home/com-27x/gsf_workspace/HTROS2_ws/src/Hands-On-Training-in-ROS2/install/mecanum_description/share/mecanum_description/package.dsv
-- Up-to-date symlink: /home/com-27x/gsf_workspace/HTROS2_ws/src/Hands-On-Training-in-ROS2/install/mecanum_description/share/ament_index/resource_index/packages/mecanum_description
-- Up-to-date symlink: /home/com-27x/gsf_workspace/HTROS2_ws/src/Hands-On-Training-in-ROS2/install/mecanum_description/share/mecanum_description/cmake/mecanum_descriptionConfig.cmake
-- Up-to-date symlink: /home/com-27x/gsf_workspace/HTROS2_ws/src/Hands-On-Training-in-ROS2/install/mecanum_description/share/mecanum_description/cmake/mecanum_descriptionConfig-version.cmake
-- Up-to-date symlink: /home/com-27x/gsf_workspace/HTROS2_ws/src/Hands-On-Training-in-ROS2/install/mecanum_description/share/mecanum_description/package.xml
