running develop
running egg_info
creating mecanum_gazebo.egg-info
writing mecanum_gazebo.egg-info/PKG-INFO
writing dependency_links to mecanum_gazebo.egg-info/dependency_links.txt
writing entry points to mecanum_gazebo.egg-info/entry_points.txt
writing requirements to mecanum_gazebo.egg-info/requires.txt
writing top-level names to mecanum_gazebo.egg-info/top_level.txt
writing manifest file 'mecanum_gazebo.egg-info/SOURCES.txt'
reading manifest file 'mecanum_gazebo.egg-info/SOURCES.txt'
writing manifest file 'mecanum_gazebo.egg-info/SOURCES.txt'
running build_ext
Creating /home/com-27x/gsf_workspace/HTROS2_ws/src/Hands-On-Training-in-ROS2/install/mecanum_gazebo/lib/python3.8/site-packages/site.py
Creating /home/com-27x/gsf_workspace/HTROS2_ws/src/Hands-On-Training-in-ROS2/install/mecanum_gazebo/lib/python3.8/site-packages/mecanum-gazebo.egg-link (link to .)

Installed /home/com-27x/gsf_workspace/HTROS2_ws/src/Hands-On-Training-in-ROS2/build/mecanum_gazebo
running install_data
creating /home/com-27x/gsf_workspace/HTROS2_ws/src/Hands-On-Training-in-ROS2/install/mecanum_gazebo/share/ament_index
creating /home/com-27x/gsf_workspace/HTROS2_ws/src/Hands-On-Training-in-ROS2/install/mecanum_gazebo/share/ament_index/resource_index
creating /home/com-27x/gsf_workspace/HTROS2_ws/src/Hands-On-Training-in-ROS2/install/mecanum_gazebo/share/ament_index/resource_index/packages
copying resource/mecanum_gazebo -> /home/com-27x/gsf_workspace/HTROS2_ws/src/Hands-On-Training-in-ROS2/install/mecanum_gazebo/share/ament_index/resource_index/packages
copying package.xml -> /home/com-27x/gsf_workspace/HTROS2_ws/src/Hands-On-Training-in-ROS2/install/mecanum_gazebo/share/mecanum_gazebo
creating /home/com-27x/gsf_workspace/HTROS2_ws/src/Hands-On-Training-in-ROS2/install/mecanum_gazebo/share/mecanum_gazebo/launch
copying launch/mecanum_gazebo.launch.py -> /home/com-27x/gsf_workspace/HTROS2_ws/src/Hands-On-Training-in-ROS2/install/mecanum_gazebo/share/mecanum_gazebo/launch
copying launch/mecanum_empty_world.launch.py -> /home/com-27x/gsf_workspace/HTROS2_ws/src/Hands-On-Training-in-ROS2/install/mecanum_gazebo/share/mecanum_gazebo/launch
copying launch/turtlebot3_house.launch.py -> /home/com-27x/gsf_workspace/HTROS2_ws/src/Hands-On-Training-in-ROS2/install/mecanum_gazebo/share/mecanum_gazebo/launch
creating /home/com-27x/gsf_workspace/HTROS2_ws/src/Hands-On-Training-in-ROS2/install/mecanum_gazebo/share/mecanum_gazebo/world
