running develop
running egg_info
creating mecanum_slam.egg-info
writing mecanum_slam.egg-info/PKG-INFO
writing dependency_links to mecanum_slam.egg-info/dependency_links.txt
writing entry points to mecanum_slam.egg-info/entry_points.txt
writing requirements to mecanum_slam.egg-info/requires.txt
writing top-level names to mecanum_slam.egg-info/top_level.txt
writing manifest file 'mecanum_slam.egg-info/SOURCES.txt'
reading manifest file 'mecanum_slam.egg-info/SOURCES.txt'
writing manifest file 'mecanum_slam.egg-info/SOURCES.txt'
running build_ext
Creating /home/com-27x/gsf_workspace/HTROS2_ws/src/Hands-On-Training-in-ROS2/install/mecanum_slam/lib/python3.8/site-packages/site.py
Creating /home/com-27x/gsf_workspace/HTROS2_ws/src/Hands-On-Training-in-ROS2/install/mecanum_slam/lib/python3.8/site-packages/mecanum-slam.egg-link (link to .)

Installed /home/com-27x/gsf_workspace/HTROS2_ws/src/Hands-On-Training-in-ROS2/build/mecanum_slam
running install_data
creating /home/com-27x/gsf_workspace/HTROS2_ws/src/Hands-On-Training-in-ROS2/install/mecanum_slam/share/ament_index
creating /home/com-27x/gsf_workspace/HTROS2_ws/src/Hands-On-Training-in-ROS2/install/mecanum_slam/share/ament_index/resource_index
creating /home/com-27x/gsf_workspace/HTROS2_ws/src/Hands-On-Training-in-ROS2/install/mecanum_slam/share/ament_index/resource_index/packages
copying resource/mecanum_slam -> /home/com-27x/gsf_workspace/HTROS2_ws/src/Hands-On-Training-in-ROS2/install/mecanum_slam/share/ament_index/resource_index/packages
copying package.xml -> /home/com-27x/gsf_workspace/HTROS2_ws/src/Hands-On-Training-in-ROS2/install/mecanum_slam/share/mecanum_slam
creating /home/com-27x/gsf_workspace/HTROS2_ws/src/Hands-On-Training-in-ROS2/install/mecanum_slam/share/mecanum_slam/launch
copying launch/cartographer.launch.py -> /home/com-27x/gsf_workspace/HTROS2_ws/src/Hands-On-Training-in-ROS2/install/mecanum_slam/share/mecanum_slam/launch
creating /home/com-27x/gsf_workspace/HTROS2_ws/src/Hands-On-Training-in-ROS2/install/mecanum_slam/share/mecanum_slam/config
copying config/cartographer.lua -> /home/com-27x/gsf_workspace/HTROS2_ws/src/Hands-On-Training-in-ROS2/install/mecanum_slam/share/mecanum_slam/config
