[0.862s] Invoking command in '/home/com-27x/gsf_workspace/HTROS2_ws/src/Hands-On-Training-in-ROS2/build/mecanum_slam': PYTHONPATH=/home/com-27x/gsf_workspace/HTROS2_ws/src/Hands-On-Training-in-ROS2/build/mecanum_slam/prefix_override:/home/com-27x/gsf_workspace/HTROS2_ws/src/Hands-On-Training-in-ROS2/install/mecanum_slam/lib/python3.8/site-packages:${PYTHONPATH} /usr/bin/python3 setup.py develop --editable --build-directory /home/com-27x/gsf_workspace/HTROS2_ws/src/Hands-On-Training-in-ROS2/build/mecanum_slam/build --no-deps install_data
[1.040s] running develop
[1.159s] running egg_info
[1.159s] creating mecanum_slam.egg-info
[1.159s] writing mecanum_slam.egg-info/PKG-INFO
[1.159s] writing dependency_links to mecanum_slam.egg-info/dependency_links.txt
[1.159s] writing entry points to mecanum_slam.egg-info/entry_points.txt
[1.160s] writing requirements to mecanum_slam.egg-info/requires.txt
[1.160s] writing top-level names to mecanum_slam.egg-info/top_level.txt
[1.161s] writing manifest file 'mecanum_slam.egg-info/SOURCES.txt'
[1.180s] reading manifest file 'mecanum_slam.egg-info/SOURCES.txt'
[1.180s] writing manifest file 'mecanum_slam.egg-info/SOURCES.txt'
[1.201s] running build_ext
[1.201s] Creating /home/com-27x/gsf_workspace/HTROS2_ws/src/Hands-On-Training-in-ROS2/install/mecanum_slam/lib/python3.8/site-packages/site.py
[1.203s] Creating /home/com-27x/gsf_workspace/HTROS2_ws/src/Hands-On-Training-in-ROS2/install/mecanum_slam/lib/python3.8/site-packages/mecanum-slam.egg-link (link to .)
[1.203s] 
[1.203s] Installed /home/com-27x/gsf_workspace/HTROS2_ws/src/Hands-On-Training-in-ROS2/build/mecanum_slam
[1.203s] running install_data
[1.203s] creating /home/com-27x/gsf_workspace/HTROS2_ws/src/Hands-On-Training-in-ROS2/install/mecanum_slam/share/ament_index
[1.203s] creating /home/com-27x/gsf_workspace/HTROS2_ws/src/Hands-On-Training-in-ROS2/install/mecanum_slam/share/ament_index/resource_index
[1.203s] creating /home/com-27x/gsf_workspace/HTROS2_ws/src/Hands-On-Training-in-ROS2/install/mecanum_slam/share/ament_index/resource_index/packages
[1.203s] copying resource/mecanum_slam -> /home/com-27x/gsf_workspace/HTROS2_ws/src/Hands-On-Training-in-ROS2/install/mecanum_slam/share/ament_index/resource_index/packages
[1.203s] copying package.xml -> /home/com-27x/gsf_workspace/HTROS2_ws/src/Hands-On-Training-in-ROS2/install/mecanum_slam/share/mecanum_slam
[1.203s] creating /home/com-27x/gsf_workspace/HTROS2_ws/src/Hands-On-Training-in-ROS2/install/mecanum_slam/share/mecanum_slam/launch
[1.203s] copying launch/cartographer.launch.py -> /home/com-27x/gsf_workspace/HTROS2_ws/src/Hands-On-Training-in-ROS2/install/mecanum_slam/share/mecanum_slam/launch
[1.204s] creating /home/com-27x/gsf_workspace/HTROS2_ws/src/Hands-On-Training-in-ROS2/install/mecanum_slam/share/mecanum_slam/config
[1.204s] copying config/cartographer.lua -> /home/com-27x/gsf_workspace/HTROS2_ws/src/Hands-On-Training-in-ROS2/install/mecanum_slam/share/mecanum_slam/config
[1.232s] Invoked command in '/home/com-27x/gsf_workspace/HTROS2_ws/src/Hands-On-Training-in-ROS2/build/mecanum_slam' returned '0': PYTHONPATH=/home/com-27x/gsf_workspace/HTROS2_ws/src/Hands-On-Training-in-ROS2/build/mecanum_slam/prefix_override:/home/com-27x/gsf_workspace/HTROS2_ws/src/Hands-On-Training-in-ROS2/install/mecanum_slam/lib/python3.8/site-packages:${PYTHONPATH} /usr/bin/python3 setup.py develop --editable --build-directory /home/com-27x/gsf_workspace/HTROS2_ws/src/Hands-On-Training-in-ROS2/build/mecanum_slam/build --no-deps install_data
